  main.cpp
E:\Zalo Received Files\DHMT_Nhom7\BTL_Nhom7\MoPhongCongTruongXayDung\OpenGL\main.cpp(30,28): warning C4305: 'initializing': truncation from 'double' to 'GLfloat'
E:\Zalo Received Files\DHMT_Nhom7\BTL_Nhom7\MoPhongCongTruongXayDung\OpenGL\main.cpp(38,24): warning C4305: 'initializing': truncation from 'double' to 'GLfloat'
E:\Zalo Received Files\DHMT_Nhom7\BTL_Nhom7\MoPhongCongTruongXayDung\OpenGL\main.cpp(42,24): warning C4305: 'initializing': truncation from 'double' to 'GLfloat'
E:\Zalo Received Files\DHMT_Nhom7\BTL_Nhom7\MoPhongCongTruongXayDung\OpenGL\main.cpp(46,26): warning C4305: 'initializing': truncation from 'double' to 'GLfloat'
E:\Zalo Received Files\DHMT_Nhom7\BTL_Nhom7\MoPhongCongTruongXayDung\OpenGL\main.cpp(143,40): warning C4305: 'argument': truncation from 'double' to 'GLfloat'
E:\Zalo Received Files\DHMT_Nhom7\BTL_Nhom7\MoPhongCongTruongXayDung\OpenGL\main.cpp(148,43): warning C4305: 'argument': truncation from 'double' to 'GLfloat'
E:\Zalo Received Files\DHMT_Nhom7\BTL_Nhom7\MoPhongCongTruongXayDung\OpenGL\main.cpp(149,44): warning C4305: 'argument': truncation from 'double' to 'GLfloat'
E:\Zalo Received Files\DHMT_Nhom7\BTL_Nhom7\MoPhongCongTruongXayDung\OpenGL\main.cpp(152,84): warning C4305: 'argument': truncation from 'double' to 'GLfloat'
E:\Zalo Received Files\DHMT_Nhom7\BTL_Nhom7\MoPhongCongTruongXayDung\OpenGL\main.cpp(153,84): warning C4305: 'argument': truncation from 'double' to 'GLfloat'
E:\Zalo Received Files\DHMT_Nhom7\BTL_Nhom7\MoPhongCongTruongXayDung\OpenGL\main.cpp(192,42): warning C4305: 'argument': truncation from 'double' to 'GLfloat'
E:\Zalo Received Files\DHMT_Nhom7\BTL_Nhom7\MoPhongCongTruongXayDung\OpenGL\main.cpp(193,45): warning C4305: 'argument': truncation from 'double' to 'GLfloat'
E:\Zalo Received Files\DHMT_Nhom7\BTL_Nhom7\MoPhongCongTruongXayDung\OpenGL\main.cpp(194,40): warning C4305: 'argument': truncation from 'double' to 'GLfloat'
E:\Zalo Received Files\DHMT_Nhom7\BTL_Nhom7\MoPhongCongTruongXayDung\OpenGL\main.cpp(195,42): warning C4305: 'argument': truncation from 'double' to 'GLfloat'
E:\Zalo Received Files\DHMT_Nhom7\BTL_Nhom7\MoPhongCongTruongXayDung\OpenGL\main.cpp(197,37): warning C4305: 'argument': truncation from 'double' to 'GLfloat'
E:\Zalo Received Files\DHMT_Nhom7\BTL_Nhom7\MoPhongCongTruongXayDung\OpenGL\main.cpp(227,38): warning C4305: 'argument': truncation from 'double' to 'GLfloat'
E:\Zalo Received Files\DHMT_Nhom7\BTL_Nhom7\MoPhongCongTruongXayDung\OpenGL\main.cpp(231,38): warning C4305: 'argument': truncation from 'double' to 'GLfloat'
E:\Zalo Received Files\DHMT_Nhom7\BTL_Nhom7\MoPhongCongTruongXayDung\OpenGL\main.cpp(234,31): warning C4305: 'argument': truncation from 'double' to 'const GLfloat'
E:\Zalo Received Files\DHMT_Nhom7\BTL_Nhom7\MoPhongCongTruongXayDung\OpenGL\main.cpp(235,40): warning C4305: 'argument': truncation from 'double' to 'GLfloat'
E:\Zalo Received Files\DHMT_Nhom7\BTL_Nhom7\MoPhongCongTruongXayDung\OpenGL\main.cpp(237,30): warning C4305: 'argument': truncation from 'double' to 'const GLfloat'
E:\Zalo Received Files\DHMT_Nhom7\BTL_Nhom7\MoPhongCongTruongXayDung\OpenGL\main.cpp(238,40): warning C4305: 'argument': truncation from 'double' to 'GLfloat'
E:\Zalo Received Files\DHMT_Nhom7\BTL_Nhom7\MoPhongCongTruongXayDung\OpenGL\main.cpp(241,42): warning C4305: 'argument': truncation from 'double' to 'GLfloat'
E:\Zalo Received Files\DHMT_Nhom7\BTL_Nhom7\MoPhongCongTruongXayDung\OpenGL\main.cpp(244,42): warning C4305: 'argument': truncation from 'double' to 'GLfloat'
E:\Zalo Received Files\DHMT_Nhom7\BTL_Nhom7\MoPhongCongTruongXayDung\OpenGL\main.cpp(247,40): warning C4305: 'argument': truncation from 'double' to 'GLfloat'
E:\Zalo Received Files\DHMT_Nhom7\BTL_Nhom7\MoPhongCongTruongXayDung\OpenGL\main.cpp(250,40): warning C4305: 'argument': truncation from 'double' to 'GLfloat'
E:\Zalo Received Files\DHMT_Nhom7\BTL_Nhom7\MoPhongCongTruongXayDung\OpenGL\main.cpp(253,32): warning C4305: 'argument': truncation from 'double' to 'const GLfloat'
E:\Zalo Received Files\DHMT_Nhom7\BTL_Nhom7\MoPhongCongTruongXayDung\OpenGL\main.cpp(254,40): warning C4305: 'argument': truncation from 'double' to 'GLfloat'
E:\Zalo Received Files\DHMT_Nhom7\BTL_Nhom7\MoPhongCongTruongXayDung\OpenGL\main.cpp(256,31): warning C4305: 'argument': truncation from 'double' to 'const GLfloat'
E:\Zalo Received Files\DHMT_Nhom7\BTL_Nhom7\MoPhongCongTruongXayDung\OpenGL\main.cpp(257,42): warning C4305: 'argument': truncation from 'double' to 'GLfloat'
E:\Zalo Received Files\DHMT_Nhom7\BTL_Nhom7\MoPhongCongTruongXayDung\OpenGL\main.cpp(259,29): warning C4305: 'argument': truncation from 'double' to 'const GLfloat'
E:\Zalo Received Files\DHMT_Nhom7\BTL_Nhom7\MoPhongCongTruongXayDung\OpenGL\main.cpp(260,39): warning C4305: 'argument': truncation from 'double' to 'GLfloat'
E:\Zalo Received Files\DHMT_Nhom7\BTL_Nhom7\MoPhongCongTruongXayDung\OpenGL\main.cpp(265,31): warning C4305: 'argument': truncation from 'double' to 'const GLfloat'
E:\Zalo Received Files\DHMT_Nhom7\BTL_Nhom7\MoPhongCongTruongXayDung\OpenGL\main.cpp(266,52): warning C4305: 'argument': truncation from 'double' to 'GLfloat'
E:\Zalo Received Files\DHMT_Nhom7\BTL_Nhom7\MoPhongCongTruongXayDung\OpenGL\main.cpp(266,53): warning C4305: 'argument': truncation from 'double' to 'GLfloat'
E:\Zalo Received Files\DHMT_Nhom7\BTL_Nhom7\MoPhongCongTruongXayDung\OpenGL\main.cpp(271,38): warning C4305: 'argument': truncation from 'double' to 'GLfloat'
E:\Zalo Received Files\DHMT_Nhom7\BTL_Nhom7\MoPhongCongTruongXayDung\OpenGL\main.cpp(275,38): warning C4305: 'argument': truncation from 'double' to 'GLfloat'
E:\Zalo Received Files\DHMT_Nhom7\BTL_Nhom7\MoPhongCongTruongXayDung\OpenGL\main.cpp(277,30): warning C4305: 'argument': truncation from 'double' to 'const GLfloat'
E:\Zalo Received Files\DHMT_Nhom7\BTL_Nhom7\MoPhongCongTruongXayDung\OpenGL\main.cpp(278,38): warning C4305: 'argument': truncation from 'double' to 'GLfloat'
E:\Zalo Received Files\DHMT_Nhom7\BTL_Nhom7\MoPhongCongTruongXayDung\OpenGL\main.cpp(281,32): warning C4305: 'argument': truncation from 'double' to 'const GLfloat'
E:\Zalo Received Files\DHMT_Nhom7\BTL_Nhom7\MoPhongCongTruongXayDung\OpenGL\main.cpp(282,39): warning C4305: 'argument': truncation from 'double' to 'GLfloat'
E:\Zalo Received Files\DHMT_Nhom7\BTL_Nhom7\MoPhongCongTruongXayDung\OpenGL\main.cpp(284,31): warning C4305: 'argument': truncation from 'double' to 'const GLfloat'
E:\Zalo Received Files\DHMT_Nhom7\BTL_Nhom7\MoPhongCongTruongXayDung\OpenGL\main.cpp(285,39): warning C4305: 'argument': truncation from 'double' to 'GLfloat'
E:\Zalo Received Files\DHMT_Nhom7\BTL_Nhom7\MoPhongCongTruongXayDung\OpenGL\main.cpp(287,33): warning C4305: 'argument': truncation from 'double' to 'const GLfloat'
E:\Zalo Received Files\DHMT_Nhom7\BTL_Nhom7\MoPhongCongTruongXayDung\OpenGL\main.cpp(288,39): warning C4305: 'argument': truncation from 'double' to 'GLfloat'
E:\Zalo Received Files\DHMT_Nhom7\BTL_Nhom7\MoPhongCongTruongXayDung\OpenGL\main.cpp(290,32): warning C4305: 'argument': truncation from 'double' to 'const GLfloat'
E:\Zalo Received Files\DHMT_Nhom7\BTL_Nhom7\MoPhongCongTruongXayDung\OpenGL\main.cpp(291,39): warning C4305: 'argument': truncation from 'double' to 'GLfloat'
E:\Zalo Received Files\DHMT_Nhom7\BTL_Nhom7\MoPhongCongTruongXayDung\OpenGL\main.cpp(296,44): warning C4305: 'argument': truncation from 'double' to 'GLfloat'
E:\Zalo Received Files\DHMT_Nhom7\BTL_Nhom7\MoPhongCongTruongXayDung\OpenGL\main.cpp(301,32): warning C4305: 'argument': truncation from 'double' to 'const GLfloat'
E:\Zalo Received Files\DHMT_Nhom7\BTL_Nhom7\MoPhongCongTruongXayDung\OpenGL\main.cpp(301,73): warning C4305: 'argument': truncation from 'double' to 'const GLfloat'
E:\Zalo Received Files\DHMT_Nhom7\BTL_Nhom7\MoPhongCongTruongXayDung\OpenGL\main.cpp(302,60): warning C4305: 'argument': truncation from 'double' to 'GLfloat'
E:\Zalo Received Files\DHMT_Nhom7\BTL_Nhom7\MoPhongCongTruongXayDung\OpenGL\main.cpp(302,61): warning C4305: 'argument': truncation from 'double' to 'GLfloat'
E:\Zalo Received Files\DHMT_Nhom7\BTL_Nhom7\MoPhongCongTruongXayDung\OpenGL\main.cpp(304,39): warning C4305: 'argument': truncation from 'double' to 'const GLfloat'
E:\Zalo Received Files\DHMT_Nhom7\BTL_Nhom7\MoPhongCongTruongXayDung\OpenGL\main.cpp(310,30): warning C4305: 'argument': truncation from 'double' to 'const GLfloat'
E:\Zalo Received Files\DHMT_Nhom7\BTL_Nhom7\MoPhongCongTruongXayDung\OpenGL\main.cpp(311,61): warning C4305: 'argument': truncation from 'double' to 'GLfloat'
E:\Zalo Received Files\DHMT_Nhom7\BTL_Nhom7\MoPhongCongTruongXayDung\OpenGL\main.cpp(311,62): warning C4305: 'argument': truncation from 'double' to 'GLfloat'
E:\Zalo Received Files\DHMT_Nhom7\BTL_Nhom7\MoPhongCongTruongXayDung\OpenGL\main.cpp(314,35): warning C4305: 'argument': truncation from 'double' to 'const GLfloat'
E:\Zalo Received Files\DHMT_Nhom7\BTL_Nhom7\MoPhongCongTruongXayDung\OpenGL\main.cpp(315,59): warning C4305: 'argument': truncation from 'double' to 'GLfloat'
E:\Zalo Received Files\DHMT_Nhom7\BTL_Nhom7\MoPhongCongTruongXayDung\OpenGL\main.cpp(315,60): warning C4305: 'argument': truncation from 'double' to 'GLfloat'
E:\Zalo Received Files\DHMT_Nhom7\BTL_Nhom7\MoPhongCongTruongXayDung\OpenGL\main.cpp(316,35): warning C4305: 'argument': truncation from 'double' to 'const GLfloat'
E:\Zalo Received Files\DHMT_Nhom7\BTL_Nhom7\MoPhongCongTruongXayDung\OpenGL\main.cpp(317,59): warning C4305: 'argument': truncation from 'double' to 'GLfloat'
E:\Zalo Received Files\DHMT_Nhom7\BTL_Nhom7\MoPhongCongTruongXayDung\OpenGL\main.cpp(317,60): warning C4305: 'argument': truncation from 'double' to 'GLfloat'
E:\Zalo Received Files\DHMT_Nhom7\BTL_Nhom7\MoPhongCongTruongXayDung\OpenGL\main.cpp(318,35): warning C4305: 'argument': truncation from 'double' to 'const GLfloat'
E:\Zalo Received Files\DHMT_Nhom7\BTL_Nhom7\MoPhongCongTruongXayDung\OpenGL\main.cpp(319,59): warning C4305: 'argument': truncation from 'double' to 'GLfloat'
E:\Zalo Received Files\DHMT_Nhom7\BTL_Nhom7\MoPhongCongTruongXayDung\OpenGL\main.cpp(319,60): warning C4305: 'argument': truncation from 'double' to 'GLfloat'
E:\Zalo Received Files\DHMT_Nhom7\BTL_Nhom7\MoPhongCongTruongXayDung\OpenGL\main.cpp(320,35): warning C4305: 'argument': truncation from 'double' to 'const GLfloat'
E:\Zalo Received Files\DHMT_Nhom7\BTL_Nhom7\MoPhongCongTruongXayDung\OpenGL\main.cpp(321,59): warning C4305: 'argument': truncation from 'double' to 'GLfloat'
E:\Zalo Received Files\DHMT_Nhom7\BTL_Nhom7\MoPhongCongTruongXayDung\OpenGL\main.cpp(321,60): warning C4305: 'argument': truncation from 'double' to 'GLfloat'
E:\Zalo Received Files\DHMT_Nhom7\BTL_Nhom7\MoPhongCongTruongXayDung\OpenGL\main.cpp(324,37): warning C4305: 'argument': truncation from 'double' to 'const GLfloat'
E:\Zalo Received Files\DHMT_Nhom7\BTL_Nhom7\MoPhongCongTruongXayDung\OpenGL\main.cpp(325,56): warning C4305: 'argument': truncation from 'double' to 'GLfloat'
E:\Zalo Received Files\DHMT_Nhom7\BTL_Nhom7\MoPhongCongTruongXayDung\OpenGL\main.cpp(325,57): warning C4305: 'argument': truncation from 'double' to 'GLfloat'
E:\Zalo Received Files\DHMT_Nhom7\BTL_Nhom7\MoPhongCongTruongXayDung\OpenGL\main.cpp(326,37): warning C4305: 'argument': truncation from 'double' to 'const GLfloat'
E:\Zalo Received Files\DHMT_Nhom7\BTL_Nhom7\MoPhongCongTruongXayDung\OpenGL\main.cpp(327,56): warning C4305: 'argument': truncation from 'double' to 'GLfloat'
E:\Zalo Received Files\DHMT_Nhom7\BTL_Nhom7\MoPhongCongTruongXayDung\OpenGL\main.cpp(327,57): warning C4305: 'argument': truncation from 'double' to 'GLfloat'
E:\Zalo Received Files\DHMT_Nhom7\BTL_Nhom7\MoPhongCongTruongXayDung\OpenGL\main.cpp(328,37): warning C4305: 'argument': truncation from 'double' to 'const GLfloat'
E:\Zalo Received Files\DHMT_Nhom7\BTL_Nhom7\MoPhongCongTruongXayDung\OpenGL\main.cpp(329,56): warning C4305: 'argument': truncation from 'double' to 'GLfloat'
E:\Zalo Received Files\DHMT_Nhom7\BTL_Nhom7\MoPhongCongTruongXayDung\OpenGL\main.cpp(329,57): warning C4305: 'argument': truncation from 'double' to 'GLfloat'
E:\Zalo Received Files\DHMT_Nhom7\BTL_Nhom7\MoPhongCongTruongXayDung\OpenGL\main.cpp(330,37): warning C4305: 'argument': truncation from 'double' to 'const GLfloat'
E:\Zalo Received Files\DHMT_Nhom7\BTL_Nhom7\MoPhongCongTruongXayDung\OpenGL\main.cpp(331,55): warning C4305: 'argument': truncation from 'double' to 'GLfloat'
E:\Zalo Received Files\DHMT_Nhom7\BTL_Nhom7\MoPhongCongTruongXayDung\OpenGL\main.cpp(331,56): warning C4305: 'argument': truncation from 'double' to 'GLfloat'
E:\Zalo Received Files\DHMT_Nhom7\BTL_Nhom7\MoPhongCongTruongXayDung\OpenGL\main.cpp(333,37): warning C4305: 'argument': truncation from 'double' to 'const GLfloat'
E:\Zalo Received Files\DHMT_Nhom7\BTL_Nhom7\MoPhongCongTruongXayDung\OpenGL\main.cpp(334,55): warning C4305: 'argument': truncation from 'double' to 'GLfloat'
E:\Zalo Received Files\DHMT_Nhom7\BTL_Nhom7\MoPhongCongTruongXayDung\OpenGL\main.cpp(334,56): warning C4305: 'argument': truncation from 'double' to 'GLfloat'
E:\Zalo Received Files\DHMT_Nhom7\BTL_Nhom7\MoPhongCongTruongXayDung\OpenGL\main.cpp(335,37): warning C4305: 'argument': truncation from 'double' to 'const GLfloat'
E:\Zalo Received Files\DHMT_Nhom7\BTL_Nhom7\MoPhongCongTruongXayDung\OpenGL\main.cpp(336,56): warning C4305: 'argument': truncation from 'double' to 'GLfloat'
E:\Zalo Received Files\DHMT_Nhom7\BTL_Nhom7\MoPhongCongTruongXayDung\OpenGL\main.cpp(336,57): warning C4305: 'argument': truncation from 'double' to 'GLfloat'
E:\Zalo Received Files\DHMT_Nhom7\BTL_Nhom7\MoPhongCongTruongXayDung\OpenGL\main.cpp(337,37): warning C4305: 'argument': truncation from 'double' to 'const GLfloat'
E:\Zalo Received Files\DHMT_Nhom7\BTL_Nhom7\MoPhongCongTruongXayDung\OpenGL\main.cpp(338,55): warning C4305: 'argument': truncation from 'double' to 'GLfloat'
E:\Zalo Received Files\DHMT_Nhom7\BTL_Nhom7\MoPhongCongTruongXayDung\OpenGL\main.cpp(338,56): warning C4305: 'argument': truncation from 'double' to 'GLfloat'
E:\Zalo Received Files\DHMT_Nhom7\BTL_Nhom7\MoPhongCongTruongXayDung\OpenGL\main.cpp(339,37): warning C4305: 'argument': truncation from 'double' to 'const GLfloat'
E:\Zalo Received Files\DHMT_Nhom7\BTL_Nhom7\MoPhongCongTruongXayDung\OpenGL\main.cpp(340,56): warning C4305: 'argument': truncation from 'double' to 'GLfloat'
E:\Zalo Received Files\DHMT_Nhom7\BTL_Nhom7\MoPhongCongTruongXayDung\OpenGL\main.cpp(340,57): warning C4305: 'argument': truncation from 'double' to 'GLfloat'
E:\Zalo Received Files\DHMT_Nhom7\BTL_Nhom7\MoPhongCongTruongXayDung\OpenGL\main.cpp(346,44): warning C4305: 'argument': truncation from 'double' to 'GLfloat'
E:\Zalo Received Files\DHMT_Nhom7\BTL_Nhom7\MoPhongCongTruongXayDung\OpenGL\main.cpp(349,30): warning C4305: 'argument': truncation from 'double' to 'const GLfloat'
E:\Zalo Received Files\DHMT_Nhom7\BTL_Nhom7\MoPhongCongTruongXayDung\OpenGL\main.cpp(349,73): warning C4305: 'argument': truncation from 'double' to 'const GLfloat'
E:\Zalo Received Files\DHMT_Nhom7\BTL_Nhom7\MoPhongCongTruongXayDung\OpenGL\main.cpp(350,44): warning C4305: 'argument': truncation from 'double' to 'GLfloat'
E:\Zalo Received Files\DHMT_Nhom7\BTL_Nhom7\MoPhongCongTruongXayDung\OpenGL\main.cpp(353,29): warning C4305: 'argument': truncation from 'double' to 'const GLfloat'
E:\Zalo Received Files\DHMT_Nhom7\BTL_Nhom7\MoPhongCongTruongXayDung\OpenGL\main.cpp(353,73): warning C4305: 'argument': truncation from 'double' to 'const GLfloat'
E:\Zalo Received Files\DHMT_Nhom7\BTL_Nhom7\MoPhongCongTruongXayDung\OpenGL\main.cpp(354,44): warning C4305: 'argument': truncation from 'double' to 'GLfloat'
E:\Zalo Received Files\DHMT_Nhom7\BTL_Nhom7\MoPhongCongTruongXayDung\OpenGL\main.cpp(357,72): warning C4305: 'argument': truncation from 'double' to 'const GLfloat'
E:\Zalo Received Files\DHMT_Nhom7\BTL_Nhom7\MoPhongCongTruongXayDung\OpenGL\main.cpp(364,68): warning C4305: 'argument': truncation from 'double' to 'const GLfloat'
E:\Zalo Received Files\DHMT_Nhom7\BTL_Nhom7\MoPhongCongTruongXayDung\OpenGL\main.cpp(375,72): warning C4305: 'argument': truncation from 'double' to 'const GLfloat'
E:\Zalo Received Files\DHMT_Nhom7\BTL_Nhom7\MoPhongCongTruongXayDung\OpenGL\main.cpp(385,38): warning C4305: 'argument': truncation from 'double' to 'GLfloat'
E:\Zalo Received Files\DHMT_Nhom7\BTL_Nhom7\MoPhongCongTruongXayDung\OpenGL\main.cpp(388,33): warning C4305: 'argument': truncation from 'double' to 'const GLfloat'
E:\Zalo Received Files\DHMT_Nhom7\BTL_Nhom7\MoPhongCongTruongXayDung\OpenGL\main.cpp(389,39): warning C4305: 'argument': truncation from 'double' to 'GLfloat'
E:\Zalo Received Files\DHMT_Nhom7\BTL_Nhom7\MoPhongCongTruongXayDung\OpenGL\main.cpp(391,31): warning C4305: 'argument': truncation from 'double' to 'const GLfloat'
E:\Zalo Received Files\DHMT_Nhom7\BTL_Nhom7\MoPhongCongTruongXayDung\OpenGL\main.cpp(392,39): warning C4305: 'argument': truncation from 'double' to 'GLfloat'
E:\Zalo Received Files\DHMT_Nhom7\BTL_Nhom7\MoPhongCongTruongXayDung\OpenGL\main.cpp(394,33): warning C4305: 'argument': truncation from 'double' to 'const GLfloat'
E:\Zalo Received Files\DHMT_Nhom7\BTL_Nhom7\MoPhongCongTruongXayDung\OpenGL\main.cpp(395,39): warning C4305: 'argument': truncation from 'double' to 'GLfloat'
E:\Zalo Received Files\DHMT_Nhom7\BTL_Nhom7\MoPhongCongTruongXayDung\OpenGL\main.cpp(397,32): warning C4305: 'argument': truncation from 'double' to 'const GLfloat'
E:\Zalo Received Files\DHMT_Nhom7\BTL_Nhom7\MoPhongCongTruongXayDung\OpenGL\main.cpp(398,39): warning C4305: 'argument': truncation from 'double' to 'GLfloat'
E:\Zalo Received Files\DHMT_Nhom7\BTL_Nhom7\MoPhongCongTruongXayDung\OpenGL\main.cpp(400,34): warning C4305: 'argument': truncation from 'double' to 'const GLfloat'
E:\Zalo Received Files\DHMT_Nhom7\BTL_Nhom7\MoPhongCongTruongXayDung\OpenGL\main.cpp(401,39): warning C4305: 'argument': truncation from 'double' to 'GLfloat'
E:\Zalo Received Files\DHMT_Nhom7\BTL_Nhom7\MoPhongCongTruongXayDung\OpenGL\main.cpp(403,34): warning C4305: 'argument': truncation from 'double' to 'const GLfloat'
E:\Zalo Received Files\DHMT_Nhom7\BTL_Nhom7\MoPhongCongTruongXayDung\OpenGL\main.cpp(404,41): warning C4305: 'argument': truncation from 'double' to 'GLfloat'
E:\Zalo Received Files\DHMT_Nhom7\BTL_Nhom7\MoPhongCongTruongXayDung\OpenGL\main.cpp(408,29): warning C4305: 'argument': truncation from 'double' to 'const GLfloat'
E:\Zalo Received Files\DHMT_Nhom7\BTL_Nhom7\MoPhongCongTruongXayDung\OpenGL\main.cpp(409,51): warning C4305: 'argument': truncation from 'double' to 'GLfloat'
E:\Zalo Received Files\DHMT_Nhom7\BTL_Nhom7\MoPhongCongTruongXayDung\OpenGL\main.cpp(409,52): warning C4305: 'argument': truncation from 'double' to 'GLfloat'
E:\Zalo Received Files\DHMT_Nhom7\BTL_Nhom7\MoPhongCongTruongXayDung\OpenGL\main.cpp(415,33): warning C4305: 'argument': truncation from 'double' to 'const GLfloat'
E:\Zalo Received Files\DHMT_Nhom7\BTL_Nhom7\MoPhongCongTruongXayDung\OpenGL\main.cpp(415,47): warning C4244: 'argument': conversion from 'int' to 'const GLfloat', possible loss of data
E:\Zalo Received Files\DHMT_Nhom7\BTL_Nhom7\MoPhongCongTruongXayDung\OpenGL\main.cpp(416,58): warning C4305: 'argument': truncation from 'double' to 'GLfloat'
E:\Zalo Received Files\DHMT_Nhom7\BTL_Nhom7\MoPhongCongTruongXayDung\OpenGL\main.cpp(416,59): warning C4305: 'argument': truncation from 'double' to 'GLfloat'
E:\Zalo Received Files\DHMT_Nhom7\BTL_Nhom7\MoPhongCongTruongXayDung\OpenGL\main.cpp(417,33): warning C4305: 'argument': truncation from 'double' to 'const GLfloat'
E:\Zalo Received Files\DHMT_Nhom7\BTL_Nhom7\MoPhongCongTruongXayDung\OpenGL\main.cpp(417,47): warning C4244: 'argument': conversion from 'int' to 'const GLfloat', possible loss of data
E:\Zalo Received Files\DHMT_Nhom7\BTL_Nhom7\MoPhongCongTruongXayDung\OpenGL\main.cpp(418,58): warning C4305: 'argument': truncation from 'double' to 'GLfloat'
E:\Zalo Received Files\DHMT_Nhom7\BTL_Nhom7\MoPhongCongTruongXayDung\OpenGL\main.cpp(418,59): warning C4305: 'argument': truncation from 'double' to 'GLfloat'
E:\Zalo Received Files\DHMT_Nhom7\BTL_Nhom7\MoPhongCongTruongXayDung\OpenGL\main.cpp(419,33): warning C4305: 'argument': truncation from 'double' to 'const GLfloat'
E:\Zalo Received Files\DHMT_Nhom7\BTL_Nhom7\MoPhongCongTruongXayDung\OpenGL\main.cpp(419,47): warning C4244: 'argument': conversion from 'int' to 'const GLfloat', possible loss of data
E:\Zalo Received Files\DHMT_Nhom7\BTL_Nhom7\MoPhongCongTruongXayDung\OpenGL\main.cpp(420,58): warning C4305: 'argument': truncation from 'double' to 'GLfloat'
E:\Zalo Received Files\DHMT_Nhom7\BTL_Nhom7\MoPhongCongTruongXayDung\OpenGL\main.cpp(420,59): warning C4305: 'argument': truncation from 'double' to 'GLfloat'
E:\Zalo Received Files\DHMT_Nhom7\BTL_Nhom7\MoPhongCongTruongXayDung\OpenGL\main.cpp(421,34): warning C4305: 'argument': truncation from 'double' to 'const GLfloat'
E:\Zalo Received Files\DHMT_Nhom7\BTL_Nhom7\MoPhongCongTruongXayDung\OpenGL\main.cpp(421,48): warning C4244: 'argument': conversion from 'int' to 'const GLfloat', possible loss of data
E:\Zalo Received Files\DHMT_Nhom7\BTL_Nhom7\MoPhongCongTruongXayDung\OpenGL\main.cpp(422,58): warning C4305: 'argument': truncation from 'double' to 'GLfloat'
E:\Zalo Received Files\DHMT_Nhom7\BTL_Nhom7\MoPhongCongTruongXayDung\OpenGL\main.cpp(422,59): warning C4305: 'argument': truncation from 'double' to 'GLfloat'
E:\Zalo Received Files\DHMT_Nhom7\BTL_Nhom7\MoPhongCongTruongXayDung\OpenGL\main.cpp(423,34): warning C4305: 'argument': truncation from 'double' to 'const GLfloat'
E:\Zalo Received Files\DHMT_Nhom7\BTL_Nhom7\MoPhongCongTruongXayDung\OpenGL\main.cpp(423,48): warning C4244: 'argument': conversion from 'int' to 'const GLfloat', possible loss of data
E:\Zalo Received Files\DHMT_Nhom7\BTL_Nhom7\MoPhongCongTruongXayDung\OpenGL\main.cpp(424,58): warning C4305: 'argument': truncation from 'double' to 'GLfloat'
E:\Zalo Received Files\DHMT_Nhom7\BTL_Nhom7\MoPhongCongTruongXayDung\OpenGL\main.cpp(424,59): warning C4305: 'argument': truncation from 'double' to 'GLfloat'
E:\Zalo Received Files\DHMT_Nhom7\BTL_Nhom7\MoPhongCongTruongXayDung\OpenGL\main.cpp(425,34): warning C4305: 'argument': truncation from 'double' to 'const GLfloat'
E:\Zalo Received Files\DHMT_Nhom7\BTL_Nhom7\MoPhongCongTruongXayDung\OpenGL\main.cpp(425,48): warning C4244: 'argument': conversion from 'int' to 'const GLfloat', possible loss of data
E:\Zalo Received Files\DHMT_Nhom7\BTL_Nhom7\MoPhongCongTruongXayDung\OpenGL\main.cpp(426,58): warning C4305: 'argument': truncation from 'double' to 'GLfloat'
E:\Zalo Received Files\DHMT_Nhom7\BTL_Nhom7\MoPhongCongTruongXayDung\OpenGL\main.cpp(426,59): warning C4305: 'argument': truncation from 'double' to 'GLfloat'
E:\Zalo Received Files\DHMT_Nhom7\BTL_Nhom7\MoPhongCongTruongXayDung\OpenGL\main.cpp(428,34): warning C4305: 'argument': truncation from 'double' to 'const GLfloat'
E:\Zalo Received Files\DHMT_Nhom7\BTL_Nhom7\MoPhongCongTruongXayDung\OpenGL\main.cpp(428,48): warning C4244: 'argument': conversion from 'int' to 'const GLfloat', possible loss of data
E:\Zalo Received Files\DHMT_Nhom7\BTL_Nhom7\MoPhongCongTruongXayDung\OpenGL\main.cpp(429,43): warning C4305: 'argument': truncation from 'double' to 'GLfloat'
E:\Zalo Received Files\DHMT_Nhom7\BTL_Nhom7\MoPhongCongTruongXayDung\OpenGL\main.cpp(430,34): warning C4305: 'argument': truncation from 'double' to 'const GLfloat'
E:\Zalo Received Files\DHMT_Nhom7\BTL_Nhom7\MoPhongCongTruongXayDung\OpenGL\main.cpp(430,48): warning C4244: 'argument': conversion from 'int' to 'const GLfloat', possible loss of data
E:\Zalo Received Files\DHMT_Nhom7\BTL_Nhom7\MoPhongCongTruongXayDung\OpenGL\main.cpp(431,43): warning C4305: 'argument': truncation from 'double' to 'GLfloat'
E:\Zalo Received Files\DHMT_Nhom7\BTL_Nhom7\MoPhongCongTruongXayDung\OpenGL\main.cpp(432,34): warning C4305: 'argument': truncation from 'double' to 'const GLfloat'
E:\Zalo Received Files\DHMT_Nhom7\BTL_Nhom7\MoPhongCongTruongXayDung\OpenGL\main.cpp(432,48): warning C4244: 'argument': conversion from 'int' to 'const GLfloat', possible loss of data
E:\Zalo Received Files\DHMT_Nhom7\BTL_Nhom7\MoPhongCongTruongXayDung\OpenGL\main.cpp(433,43): warning C4305: 'argument': truncation from 'double' to 'GLfloat'
E:\Zalo Received Files\DHMT_Nhom7\BTL_Nhom7\MoPhongCongTruongXayDung\OpenGL\main.cpp(434,35): warning C4305: 'argument': truncation from 'double' to 'const GLfloat'
E:\Zalo Received Files\DHMT_Nhom7\BTL_Nhom7\MoPhongCongTruongXayDung\OpenGL\main.cpp(434,49): warning C4244: 'argument': conversion from 'int' to 'const GLfloat', possible loss of data
E:\Zalo Received Files\DHMT_Nhom7\BTL_Nhom7\MoPhongCongTruongXayDung\OpenGL\main.cpp(435,43): warning C4305: 'argument': truncation from 'double' to 'GLfloat'
E:\Zalo Received Files\DHMT_Nhom7\BTL_Nhom7\MoPhongCongTruongXayDung\OpenGL\main.cpp(436,35): warning C4305: 'argument': truncation from 'double' to 'const GLfloat'
E:\Zalo Received Files\DHMT_Nhom7\BTL_Nhom7\MoPhongCongTruongXayDung\OpenGL\main.cpp(436,49): warning C4244: 'argument': conversion from 'int' to 'const GLfloat', possible loss of data
E:\Zalo Received Files\DHMT_Nhom7\BTL_Nhom7\MoPhongCongTruongXayDung\OpenGL\main.cpp(437,43): warning C4305: 'argument': truncation from 'double' to 'GLfloat'
E:\Zalo Received Files\DHMT_Nhom7\BTL_Nhom7\MoPhongCongTruongXayDung\OpenGL\main.cpp(438,35): warning C4305: 'argument': truncation from 'double' to 'const GLfloat'
E:\Zalo Received Files\DHMT_Nhom7\BTL_Nhom7\MoPhongCongTruongXayDung\OpenGL\main.cpp(438,49): warning C4244: 'argument': conversion from 'int' to 'const GLfloat', possible loss of data
E:\Zalo Received Files\DHMT_Nhom7\BTL_Nhom7\MoPhongCongTruongXayDung\OpenGL\main.cpp(439,43): warning C4305: 'argument': truncation from 'double' to 'GLfloat'
E:\Zalo Received Files\DHMT_Nhom7\BTL_Nhom7\MoPhongCongTruongXayDung\OpenGL\main.cpp(442,34): warning C4305: 'argument': truncation from 'double' to 'const GLfloat'
E:\Zalo Received Files\DHMT_Nhom7\BTL_Nhom7\MoPhongCongTruongXayDung\OpenGL\main.cpp(442,48): warning C4244: 'argument': conversion from 'int' to 'const GLfloat', possible loss of data
E:\Zalo Received Files\DHMT_Nhom7\BTL_Nhom7\MoPhongCongTruongXayDung\OpenGL\main.cpp(443,42): warning C4305: 'argument': truncation from 'double' to 'GLfloat'
E:\Zalo Received Files\DHMT_Nhom7\BTL_Nhom7\MoPhongCongTruongXayDung\OpenGL\main.cpp(444,34): warning C4305: 'argument': truncation from 'double' to 'const GLfloat'
E:\Zalo Received Files\DHMT_Nhom7\BTL_Nhom7\MoPhongCongTruongXayDung\OpenGL\main.cpp(444,48): warning C4244: 'argument': conversion from 'int' to 'const GLfloat', possible loss of data
E:\Zalo Received Files\DHMT_Nhom7\BTL_Nhom7\MoPhongCongTruongXayDung\OpenGL\main.cpp(445,42): warning C4305: 'argument': truncation from 'double' to 'GLfloat'
E:\Zalo Received Files\DHMT_Nhom7\BTL_Nhom7\MoPhongCongTruongXayDung\OpenGL\main.cpp(446,34): warning C4305: 'argument': truncation from 'double' to 'const GLfloat'
E:\Zalo Received Files\DHMT_Nhom7\BTL_Nhom7\MoPhongCongTruongXayDung\OpenGL\main.cpp(446,48): warning C4244: 'argument': conversion from 'int' to 'const GLfloat', possible loss of data
E:\Zalo Received Files\DHMT_Nhom7\BTL_Nhom7\MoPhongCongTruongXayDung\OpenGL\main.cpp(447,42): warning C4305: 'argument': truncation from 'double' to 'GLfloat'
E:\Zalo Received Files\DHMT_Nhom7\BTL_Nhom7\MoPhongCongTruongXayDung\OpenGL\main.cpp(448,35): warning C4305: 'argument': truncation from 'double' to 'const GLfloat'
E:\Zalo Received Files\DHMT_Nhom7\BTL_Nhom7\MoPhongCongTruongXayDung\OpenGL\main.cpp(448,49): warning C4244: 'argument': conversion from 'int' to 'const GLfloat', possible loss of data
E:\Zalo Received Files\DHMT_Nhom7\BTL_Nhom7\MoPhongCongTruongXayDung\OpenGL\main.cpp(449,42): warning C4305: 'argument': truncation from 'double' to 'GLfloat'
E:\Zalo Received Files\DHMT_Nhom7\BTL_Nhom7\MoPhongCongTruongXayDung\OpenGL\main.cpp(450,35): warning C4305: 'argument': truncation from 'double' to 'const GLfloat'
E:\Zalo Received Files\DHMT_Nhom7\BTL_Nhom7\MoPhongCongTruongXayDung\OpenGL\main.cpp(450,49): warning C4244: 'argument': conversion from 'int' to 'const GLfloat', possible loss of data
E:\Zalo Received Files\DHMT_Nhom7\BTL_Nhom7\MoPhongCongTruongXayDung\OpenGL\main.cpp(451,42): warning C4305: 'argument': truncation from 'double' to 'GLfloat'
E:\Zalo Received Files\DHMT_Nhom7\BTL_Nhom7\MoPhongCongTruongXayDung\OpenGL\main.cpp(452,35): warning C4305: 'argument': truncation from 'double' to 'const GLfloat'
E:\Zalo Received Files\DHMT_Nhom7\BTL_Nhom7\MoPhongCongTruongXayDung\OpenGL\main.cpp(452,49): warning C4244: 'argument': conversion from 'int' to 'const GLfloat', possible loss of data
E:\Zalo Received Files\DHMT_Nhom7\BTL_Nhom7\MoPhongCongTruongXayDung\OpenGL\main.cpp(453,42): warning C4305: 'argument': truncation from 'double' to 'GLfloat'
E:\Zalo Received Files\DHMT_Nhom7\BTL_Nhom7\MoPhongCongTruongXayDung\OpenGL\main.cpp(457,32): warning C4305: 'argument': truncation from 'double' to 'const GLfloat'
E:\Zalo Received Files\DHMT_Nhom7\BTL_Nhom7\MoPhongCongTruongXayDung\OpenGL\main.cpp(458,41): warning C4305: 'argument': truncation from 'double' to 'GLfloat'
E:\Zalo Received Files\DHMT_Nhom7\BTL_Nhom7\MoPhongCongTruongXayDung\OpenGL\main.cpp(459,32): warning C4305: 'argument': truncation from 'double' to 'const GLfloat'
E:\Zalo Received Files\DHMT_Nhom7\BTL_Nhom7\MoPhongCongTruongXayDung\OpenGL\main.cpp(460,41): warning C4305: 'argument': truncation from 'double' to 'GLfloat'
E:\Zalo Received Files\DHMT_Nhom7\BTL_Nhom7\MoPhongCongTruongXayDung\OpenGL\main.cpp(461,32): warning C4305: 'argument': truncation from 'double' to 'const GLfloat'
E:\Zalo Received Files\DHMT_Nhom7\BTL_Nhom7\MoPhongCongTruongXayDung\OpenGL\main.cpp(462,41): warning C4305: 'argument': truncation from 'double' to 'GLfloat'
E:\Zalo Received Files\DHMT_Nhom7\BTL_Nhom7\MoPhongCongTruongXayDung\OpenGL\main.cpp(463,33): warning C4305: 'argument': truncation from 'double' to 'const GLfloat'
E:\Zalo Received Files\DHMT_Nhom7\BTL_Nhom7\MoPhongCongTruongXayDung\OpenGL\main.cpp(464,41): warning C4305: 'argument': truncation from 'double' to 'GLfloat'
E:\Zalo Received Files\DHMT_Nhom7\BTL_Nhom7\MoPhongCongTruongXayDung\OpenGL\main.cpp(465,33): warning C4305: 'argument': truncation from 'double' to 'const GLfloat'
E:\Zalo Received Files\DHMT_Nhom7\BTL_Nhom7\MoPhongCongTruongXayDung\OpenGL\main.cpp(466,41): warning C4305: 'argument': truncation from 'double' to 'GLfloat'
E:\Zalo Received Files\DHMT_Nhom7\BTL_Nhom7\MoPhongCongTruongXayDung\OpenGL\main.cpp(467,33): warning C4305: 'argument': truncation from 'double' to 'const GLfloat'
E:\Zalo Received Files\DHMT_Nhom7\BTL_Nhom7\MoPhongCongTruongXayDung\OpenGL\main.cpp(468,41): warning C4305: 'argument': truncation from 'double' to 'GLfloat'
E:\Zalo Received Files\DHMT_Nhom7\BTL_Nhom7\MoPhongCongTruongXayDung\OpenGL\main.cpp(472,94): warning C4305: 'argument': truncation from 'double' to 'const GLfloat'
E:\Zalo Received Files\DHMT_Nhom7\BTL_Nhom7\MoPhongCongTruongXayDung\OpenGL\main.cpp(483,44): warning C4244: 'argument': conversion from 'int' to 'const GLfloat', possible loss of data
E:\Zalo Received Files\DHMT_Nhom7\BTL_Nhom7\MoPhongCongTruongXayDung\OpenGL\main.cpp(484,55): warning C4305: 'argument': truncation from 'double' to 'GLfloat'
E:\Zalo Received Files\DHMT_Nhom7\BTL_Nhom7\MoPhongCongTruongXayDung\OpenGL\main.cpp(484,56): warning C4305: 'argument': truncation from 'double' to 'GLfloat'
E:\Zalo Received Files\DHMT_Nhom7\BTL_Nhom7\MoPhongCongTruongXayDung\OpenGL\main.cpp(490,29): warning C4305: 'argument': truncation from 'double' to 'const GLfloat'
E:\Zalo Received Files\DHMT_Nhom7\BTL_Nhom7\MoPhongCongTruongXayDung\OpenGL\main.cpp(491,59): warning C4305: 'argument': truncation from 'double' to 'GLfloat'
E:\Zalo Received Files\DHMT_Nhom7\BTL_Nhom7\MoPhongCongTruongXayDung\OpenGL\main.cpp(491,60): warning C4305: 'argument': truncation from 'double' to 'GLfloat'
E:\Zalo Received Files\DHMT_Nhom7\BTL_Nhom7\MoPhongCongTruongXayDung\OpenGL\main.cpp(494,33): warning C4305: 'argument': truncation from 'double' to 'const GLfloat'
E:\Zalo Received Files\DHMT_Nhom7\BTL_Nhom7\MoPhongCongTruongXayDung\OpenGL\main.cpp(495,57): warning C4305: 'argument': truncation from 'double' to 'GLfloat'
E:\Zalo Received Files\DHMT_Nhom7\BTL_Nhom7\MoPhongCongTruongXayDung\OpenGL\main.cpp(495,58): warning C4305: 'argument': truncation from 'double' to 'GLfloat'
E:\Zalo Received Files\DHMT_Nhom7\BTL_Nhom7\MoPhongCongTruongXayDung\OpenGL\main.cpp(498,31): warning C4305: 'argument': truncation from 'double' to 'const GLfloat'
E:\Zalo Received Files\DHMT_Nhom7\BTL_Nhom7\MoPhongCongTruongXayDung\OpenGL\main.cpp(499,59): warning C4305: 'argument': truncation from 'double' to 'GLfloat'
E:\Zalo Received Files\DHMT_Nhom7\BTL_Nhom7\MoPhongCongTruongXayDung\OpenGL\main.cpp(499,60): warning C4305: 'argument': truncation from 'double' to 'GLfloat'
E:\Zalo Received Files\DHMT_Nhom7\BTL_Nhom7\MoPhongCongTruongXayDung\OpenGL\main.cpp(502,33): warning C4305: 'argument': truncation from 'double' to 'const GLfloat'
E:\Zalo Received Files\DHMT_Nhom7\BTL_Nhom7\MoPhongCongTruongXayDung\OpenGL\main.cpp(503,59): warning C4305: 'argument': truncation from 'double' to 'GLfloat'
E:\Zalo Received Files\DHMT_Nhom7\BTL_Nhom7\MoPhongCongTruongXayDung\OpenGL\main.cpp(503,60): warning C4305: 'argument': truncation from 'double' to 'GLfloat'
E:\Zalo Received Files\DHMT_Nhom7\BTL_Nhom7\MoPhongCongTruongXayDung\OpenGL\main.cpp(506,34): warning C4305: 'argument': truncation from 'double' to 'const GLfloat'
E:\Zalo Received Files\DHMT_Nhom7\BTL_Nhom7\MoPhongCongTruongXayDung\OpenGL\main.cpp(507,56): warning C4305: 'argument': truncation from 'double' to 'GLfloat'
E:\Zalo Received Files\DHMT_Nhom7\BTL_Nhom7\MoPhongCongTruongXayDung\OpenGL\main.cpp(507,57): warning C4305: 'argument': truncation from 'double' to 'GLfloat'
E:\Zalo Received Files\DHMT_Nhom7\BTL_Nhom7\MoPhongCongTruongXayDung\OpenGL\main.cpp(515,32): warning C4244: 'argument': conversion from 'double' to 'const GLfloat', possible loss of data
E:\Zalo Received Files\DHMT_Nhom7\BTL_Nhom7\MoPhongCongTruongXayDung\OpenGL\main.cpp(515,24): warning C4244: 'argument': conversion from 'double' to 'const GLfloat', possible loss of data
E:\Zalo Received Files\DHMT_Nhom7\BTL_Nhom7\MoPhongCongTruongXayDung\OpenGL\main.cpp(515,54): warning C4244: 'argument': conversion from 'int' to 'const GLfloat', possible loss of data
E:\Zalo Received Files\DHMT_Nhom7\BTL_Nhom7\MoPhongCongTruongXayDung\OpenGL\main.cpp(516,61): warning C4305: 'argument': truncation from 'double' to 'GLfloat'
E:\Zalo Received Files\DHMT_Nhom7\BTL_Nhom7\MoPhongCongTruongXayDung\OpenGL\main.cpp(516,62): warning C4305: 'argument': truncation from 'double' to 'GLfloat'
E:\Zalo Received Files\DHMT_Nhom7\BTL_Nhom7\MoPhongCongTruongXayDung\OpenGL\main.cpp(518,41): warning C4305: 'argument': truncation from 'double' to 'const GLfloat'
E:\Zalo Received Files\DHMT_Nhom7\BTL_Nhom7\MoPhongCongTruongXayDung\OpenGL\main.cpp(518,32): warning C4244: 'argument': conversion from 'double' to 'const GLfloat', possible loss of data
E:\Zalo Received Files\DHMT_Nhom7\BTL_Nhom7\MoPhongCongTruongXayDung\OpenGL\main.cpp(518,24): warning C4244: 'argument': conversion from 'double' to 'const GLfloat', possible loss of data
E:\Zalo Received Files\DHMT_Nhom7\BTL_Nhom7\MoPhongCongTruongXayDung\OpenGL\main.cpp(518,55): warning C4244: 'argument': conversion from 'int' to 'const GLfloat', possible loss of data
E:\Zalo Received Files\DHMT_Nhom7\BTL_Nhom7\MoPhongCongTruongXayDung\OpenGL\main.cpp(519,61): warning C4305: 'argument': truncation from 'double' to 'GLfloat'
E:\Zalo Received Files\DHMT_Nhom7\BTL_Nhom7\MoPhongCongTruongXayDung\OpenGL\main.cpp(519,62): warning C4305: 'argument': truncation from 'double' to 'GLfloat'
E:\Zalo Received Files\DHMT_Nhom7\BTL_Nhom7\MoPhongCongTruongXayDung\OpenGL\main.cpp(521,43): warning C4305: 'argument': truncation from 'double' to 'const GLfloat'
E:\Zalo Received Files\DHMT_Nhom7\BTL_Nhom7\MoPhongCongTruongXayDung\OpenGL\main.cpp(521,34): warning C4244: 'argument': conversion from 'double' to 'const GLfloat', possible loss of data
E:\Zalo Received Files\DHMT_Nhom7\BTL_Nhom7\MoPhongCongTruongXayDung\OpenGL\main.cpp(521,25): warning C4244: 'argument': conversion from 'double' to 'const GLfloat', possible loss of data
E:\Zalo Received Files\DHMT_Nhom7\BTL_Nhom7\MoPhongCongTruongXayDung\OpenGL\main.cpp(521,57): warning C4244: 'argument': conversion from 'int' to 'const GLfloat', possible loss of data
E:\Zalo Received Files\DHMT_Nhom7\BTL_Nhom7\MoPhongCongTruongXayDung\OpenGL\main.cpp(522,61): warning C4305: 'argument': truncation from 'double' to 'GLfloat'
E:\Zalo Received Files\DHMT_Nhom7\BTL_Nhom7\MoPhongCongTruongXayDung\OpenGL\main.cpp(522,62): warning C4305: 'argument': truncation from 'double' to 'GLfloat'
E:\Zalo Received Files\DHMT_Nhom7\BTL_Nhom7\MoPhongCongTruongXayDung\OpenGL\main.cpp(524,34): warning C4244: 'argument': conversion from 'double' to 'const GLfloat', possible loss of data
E:\Zalo Received Files\DHMT_Nhom7\BTL_Nhom7\MoPhongCongTruongXayDung\OpenGL\main.cpp(524,25): warning C4244: 'argument': conversion from 'double' to 'const GLfloat', possible loss of data
E:\Zalo Received Files\DHMT_Nhom7\BTL_Nhom7\MoPhongCongTruongXayDung\OpenGL\main.cpp(524,57): warning C4244: 'argument': conversion from 'int' to 'const GLfloat', possible loss of data
E:\Zalo Received Files\DHMT_Nhom7\BTL_Nhom7\MoPhongCongTruongXayDung\OpenGL\main.cpp(525,61): warning C4305: 'argument': truncation from 'double' to 'GLfloat'
E:\Zalo Received Files\DHMT_Nhom7\BTL_Nhom7\MoPhongCongTruongXayDung\OpenGL\main.cpp(525,62): warning C4305: 'argument': truncation from 'double' to 'GLfloat'
E:\Zalo Received Files\DHMT_Nhom7\BTL_Nhom7\MoPhongCongTruongXayDung\OpenGL\main.cpp(530,45): warning C4305: 'argument': truncation from 'double' to 'const GLfloat'
E:\Zalo Received Files\DHMT_Nhom7\BTL_Nhom7\MoPhongCongTruongXayDung\OpenGL\main.cpp(530,32): warning C4244: 'argument': conversion from 'double' to 'const GLfloat', possible loss of data
E:\Zalo Received Files\DHMT_Nhom7\BTL_Nhom7\MoPhongCongTruongXayDung\OpenGL\main.cpp(531,56): warning C4305: 'argument': truncation from 'double' to 'GLfloat'
E:\Zalo Received Files\DHMT_Nhom7\BTL_Nhom7\MoPhongCongTruongXayDung\OpenGL\main.cpp(531,57): warning C4305: 'argument': truncation from 'double' to 'GLfloat'
E:\Zalo Received Files\DHMT_Nhom7\BTL_Nhom7\MoPhongCongTruongXayDung\OpenGL\main.cpp(533,47): warning C4305: 'argument': truncation from 'double' to 'const GLfloat'
E:\Zalo Received Files\DHMT_Nhom7\BTL_Nhom7\MoPhongCongTruongXayDung\OpenGL\main.cpp(533,34): warning C4244: 'argument': conversion from 'double' to 'const GLfloat', possible loss of data
E:\Zalo Received Files\DHMT_Nhom7\BTL_Nhom7\MoPhongCongTruongXayDung\OpenGL\main.cpp(533,24): warning C4244: 'argument': conversion from 'double' to 'const GLfloat', possible loss of data
E:\Zalo Received Files\DHMT_Nhom7\BTL_Nhom7\MoPhongCongTruongXayDung\OpenGL\main.cpp(534,56): warning C4305: 'argument': truncation from 'double' to 'GLfloat'
E:\Zalo Received Files\DHMT_Nhom7\BTL_Nhom7\MoPhongCongTruongXayDung\OpenGL\main.cpp(534,57): warning C4305: 'argument': truncation from 'double' to 'GLfloat'
E:\Zalo Received Files\DHMT_Nhom7\BTL_Nhom7\MoPhongCongTruongXayDung\OpenGL\main.cpp(536,47): warning C4305: 'argument': truncation from 'double' to 'const GLfloat'
E:\Zalo Received Files\DHMT_Nhom7\BTL_Nhom7\MoPhongCongTruongXayDung\OpenGL\main.cpp(536,34): warning C4244: 'argument': conversion from 'double' to 'const GLfloat', possible loss of data
E:\Zalo Received Files\DHMT_Nhom7\BTL_Nhom7\MoPhongCongTruongXayDung\OpenGL\main.cpp(536,24): warning C4244: 'argument': conversion from 'double' to 'const GLfloat', possible loss of data
E:\Zalo Received Files\DHMT_Nhom7\BTL_Nhom7\MoPhongCongTruongXayDung\OpenGL\main.cpp(537,56): warning C4305: 'argument': truncation from 'double' to 'GLfloat'
E:\Zalo Received Files\DHMT_Nhom7\BTL_Nhom7\MoPhongCongTruongXayDung\OpenGL\main.cpp(537,57): warning C4305: 'argument': truncation from 'double' to 'GLfloat'
E:\Zalo Received Files\DHMT_Nhom7\BTL_Nhom7\MoPhongCongTruongXayDung\OpenGL\main.cpp(543,47): warning C4305: 'argument': truncation from 'double' to 'const GLfloat'
E:\Zalo Received Files\DHMT_Nhom7\BTL_Nhom7\MoPhongCongTruongXayDung\OpenGL\main.cpp(543,35): warning C4244: 'argument': conversion from 'double' to 'const GLfloat', possible loss of data
E:\Zalo Received Files\DHMT_Nhom7\BTL_Nhom7\MoPhongCongTruongXayDung\OpenGL\main.cpp(543,25): warning C4244: 'argument': conversion from 'double' to 'const GLfloat', possible loss of data
E:\Zalo Received Files\DHMT_Nhom7\BTL_Nhom7\MoPhongCongTruongXayDung\OpenGL\main.cpp(543,61): warning C4244: 'argument': conversion from 'int' to 'const GLfloat', possible loss of data
E:\Zalo Received Files\DHMT_Nhom7\BTL_Nhom7\MoPhongCongTruongXayDung\OpenGL\main.cpp(544,60): warning C4305: 'argument': truncation from 'double' to 'GLfloat'
E:\Zalo Received Files\DHMT_Nhom7\BTL_Nhom7\MoPhongCongTruongXayDung\OpenGL\main.cpp(544,61): warning C4305: 'argument': truncation from 'double' to 'GLfloat'
E:\Zalo Received Files\DHMT_Nhom7\BTL_Nhom7\MoPhongCongTruongXayDung\OpenGL\main.cpp(547,47): warning C4305: 'argument': truncation from 'double' to 'const GLfloat'
E:\Zalo Received Files\DHMT_Nhom7\BTL_Nhom7\MoPhongCongTruongXayDung\OpenGL\main.cpp(547,34): warning C4244: 'argument': conversion from 'double' to 'const GLfloat', possible loss of data
E:\Zalo Received Files\DHMT_Nhom7\BTL_Nhom7\MoPhongCongTruongXayDung\OpenGL\main.cpp(547,24): warning C4244: 'argument': conversion from 'double' to 'const GLfloat', possible loss of data
E:\Zalo Received Files\DHMT_Nhom7\BTL_Nhom7\MoPhongCongTruongXayDung\OpenGL\main.cpp(548,41): warning C4305: 'argument': truncation from 'double' to 'GLfloat'
E:\Zalo Received Files\DHMT_Nhom7\BTL_Nhom7\MoPhongCongTruongXayDung\OpenGL\main.cpp(550,34): warning C4244: 'argument': conversion from 'double' to 'const GLfloat', possible loss of data
E:\Zalo Received Files\DHMT_Nhom7\BTL_Nhom7\MoPhongCongTruongXayDung\OpenGL\main.cpp(550,24): warning C4244: 'argument': conversion from 'double' to 'const GLfloat', possible loss of data
E:\Zalo Received Files\DHMT_Nhom7\BTL_Nhom7\MoPhongCongTruongXayDung\OpenGL\main.cpp(551,41): warning C4305: 'argument': truncation from 'double' to 'GLfloat'
E:\Zalo Received Files\DHMT_Nhom7\BTL_Nhom7\MoPhongCongTruongXayDung\OpenGL\main.cpp(553,47): warning C4305: 'argument': truncation from 'double' to 'const GLfloat'
E:\Zalo Received Files\DHMT_Nhom7\BTL_Nhom7\MoPhongCongTruongXayDung\OpenGL\main.cpp(553,34): warning C4244: 'argument': conversion from 'double' to 'const GLfloat', possible loss of data
E:\Zalo Received Files\DHMT_Nhom7\BTL_Nhom7\MoPhongCongTruongXayDung\OpenGL\main.cpp(553,24): warning C4244: 'argument': conversion from 'double' to 'const GLfloat', possible loss of data
E:\Zalo Received Files\DHMT_Nhom7\BTL_Nhom7\MoPhongCongTruongXayDung\OpenGL\main.cpp(554,41): warning C4305: 'argument': truncation from 'double' to 'GLfloat'
E:\Zalo Received Files\DHMT_Nhom7\BTL_Nhom7\MoPhongCongTruongXayDung\OpenGL\main.cpp(556,34): warning C4244: 'argument': conversion from 'double' to 'const GLfloat', possible loss of data
E:\Zalo Received Files\DHMT_Nhom7\BTL_Nhom7\MoPhongCongTruongXayDung\OpenGL\main.cpp(556,24): warning C4244: 'argument': conversion from 'double' to 'const GLfloat', possible loss of data
E:\Zalo Received Files\DHMT_Nhom7\BTL_Nhom7\MoPhongCongTruongXayDung\OpenGL\main.cpp(557,41): warning C4305: 'argument': truncation from 'double' to 'GLfloat'
E:\Zalo Received Files\DHMT_Nhom7\BTL_Nhom7\MoPhongCongTruongXayDung\OpenGL\main.cpp(565,43): warning C4305: 'argument': truncation from 'double' to 'const GLfloat'
E:\Zalo Received Files\DHMT_Nhom7\BTL_Nhom7\MoPhongCongTruongXayDung\OpenGL\main.cpp(565,99): warning C4305: 'argument': truncation from 'double' to 'const GLfloat'
E:\Zalo Received Files\DHMT_Nhom7\BTL_Nhom7\MoPhongCongTruongXayDung\OpenGL\main.cpp(574,29): warning C4305: 'argument': truncation from 'double' to 'const GLfloat'
E:\Zalo Received Files\DHMT_Nhom7\BTL_Nhom7\MoPhongCongTruongXayDung\OpenGL\main.cpp(575,43): warning C4305: 'argument': truncation from 'double' to 'GLfloat'
E:\Zalo Received Files\DHMT_Nhom7\BTL_Nhom7\MoPhongCongTruongXayDung\OpenGL\main.cpp(578,43): warning C4305: 'argument': truncation from 'double' to 'GLfloat'
E:\Zalo Received Files\DHMT_Nhom7\BTL_Nhom7\MoPhongCongTruongXayDung\OpenGL\main.cpp(580,33): warning C4305: 'argument': truncation from 'double' to 'const GLfloat'
E:\Zalo Received Files\DHMT_Nhom7\BTL_Nhom7\MoPhongCongTruongXayDung\OpenGL\main.cpp(581,44): warning C4305: 'argument': truncation from 'double' to 'GLfloat'
E:\Zalo Received Files\DHMT_Nhom7\BTL_Nhom7\MoPhongCongTruongXayDung\OpenGL\main.cpp(583,32): warning C4305: 'argument': truncation from 'double' to 'const GLfloat'
E:\Zalo Received Files\DHMT_Nhom7\BTL_Nhom7\MoPhongCongTruongXayDung\OpenGL\main.cpp(584,43): warning C4305: 'argument': truncation from 'double' to 'GLfloat'
E:\Zalo Received Files\DHMT_Nhom7\BTL_Nhom7\MoPhongCongTruongXayDung\OpenGL\main.cpp(586,31): warning C4305: 'argument': truncation from 'double' to 'const GLfloat'
E:\Zalo Received Files\DHMT_Nhom7\BTL_Nhom7\MoPhongCongTruongXayDung\OpenGL\main.cpp(587,44): warning C4305: 'argument': truncation from 'double' to 'GLfloat'
E:\Zalo Received Files\DHMT_Nhom7\BTL_Nhom7\MoPhongCongTruongXayDung\OpenGL\main.cpp(590,35): warning C4305: 'argument': truncation from 'double' to 'const GLfloat'
E:\Zalo Received Files\DHMT_Nhom7\BTL_Nhom7\MoPhongCongTruongXayDung\OpenGL\main.cpp(591,56): warning C4305: 'argument': truncation from 'double' to 'GLfloat'
E:\Zalo Received Files\DHMT_Nhom7\BTL_Nhom7\MoPhongCongTruongXayDung\OpenGL\main.cpp(597,58): warning C4305: 'argument': truncation from 'double' to 'GLfloat'
E:\Zalo Received Files\DHMT_Nhom7\BTL_Nhom7\MoPhongCongTruongXayDung\OpenGL\main.cpp(597,59): warning C4305: 'argument': truncation from 'double' to 'GLfloat'
E:\Zalo Received Files\DHMT_Nhom7\BTL_Nhom7\MoPhongCongTruongXayDung\OpenGL\main.cpp(603,52): warning C4305: 'argument': truncation from 'double' to 'GLfloat'
E:\Zalo Received Files\DHMT_Nhom7\BTL_Nhom7\MoPhongCongTruongXayDung\OpenGL\main.cpp(603,53): warning C4305: 'argument': truncation from 'double' to 'GLfloat'
E:\Zalo Received Files\DHMT_Nhom7\BTL_Nhom7\MoPhongCongTruongXayDung\OpenGL\main.cpp(607,37): warning C4305: 'argument': truncation from 'double' to 'const GLfloat'
E:\Zalo Received Files\DHMT_Nhom7\BTL_Nhom7\MoPhongCongTruongXayDung\OpenGL\main.cpp(608,58): warning C4305: 'argument': truncation from 'double' to 'GLfloat'
E:\Zalo Received Files\DHMT_Nhom7\BTL_Nhom7\MoPhongCongTruongXayDung\OpenGL\main.cpp(610,37): warning C4305: 'argument': truncation from 'double' to 'const GLfloat'
E:\Zalo Received Files\DHMT_Nhom7\BTL_Nhom7\MoPhongCongTruongXayDung\OpenGL\main.cpp(611,58): warning C4305: 'argument': truncation from 'double' to 'GLfloat'
E:\Zalo Received Files\DHMT_Nhom7\BTL_Nhom7\MoPhongCongTruongXayDung\OpenGL\main.cpp(613,36): warning C4305: 'argument': truncation from 'double' to 'const GLfloat'
E:\Zalo Received Files\DHMT_Nhom7\BTL_Nhom7\MoPhongCongTruongXayDung\OpenGL\main.cpp(614,56): warning C4305: 'argument': truncation from 'double' to 'GLfloat'
E:\Zalo Received Files\DHMT_Nhom7\BTL_Nhom7\MoPhongCongTruongXayDung\OpenGL\main.cpp(616,36): warning C4305: 'argument': truncation from 'double' to 'const GLfloat'
E:\Zalo Received Files\DHMT_Nhom7\BTL_Nhom7\MoPhongCongTruongXayDung\OpenGL\main.cpp(617,56): warning C4305: 'argument': truncation from 'double' to 'GLfloat'
E:\Zalo Received Files\DHMT_Nhom7\BTL_Nhom7\MoPhongCongTruongXayDung\OpenGL\main.cpp(619,38): warning C4305: 'argument': truncation from 'double' to 'const GLfloat'
E:\Zalo Received Files\DHMT_Nhom7\BTL_Nhom7\MoPhongCongTruongXayDung\OpenGL\main.cpp(620,56): warning C4305: 'argument': truncation from 'double' to 'GLfloat'
E:\Zalo Received Files\DHMT_Nhom7\BTL_Nhom7\MoPhongCongTruongXayDung\OpenGL\main.cpp(622,38): warning C4305: 'argument': truncation from 'double' to 'const GLfloat'
E:\Zalo Received Files\DHMT_Nhom7\BTL_Nhom7\MoPhongCongTruongXayDung\OpenGL\main.cpp(623,56): warning C4305: 'argument': truncation from 'double' to 'GLfloat'
E:\Zalo Received Files\DHMT_Nhom7\BTL_Nhom7\MoPhongCongTruongXayDung\OpenGL\main.cpp(625,38): warning C4305: 'argument': truncation from 'double' to 'const GLfloat'
E:\Zalo Received Files\DHMT_Nhom7\BTL_Nhom7\MoPhongCongTruongXayDung\OpenGL\main.cpp(626,59): warning C4305: 'argument': truncation from 'double' to 'GLfloat'
E:\Zalo Received Files\DHMT_Nhom7\BTL_Nhom7\MoPhongCongTruongXayDung\OpenGL\main.cpp(632,49): warning C4305: 'argument': truncation from 'double' to 'GLfloat'
E:\Zalo Received Files\DHMT_Nhom7\BTL_Nhom7\MoPhongCongTruongXayDung\OpenGL\main.cpp(636,35): warning C4305: 'argument': truncation from 'double' to 'const GLfloat'
E:\Zalo Received Files\DHMT_Nhom7\BTL_Nhom7\MoPhongCongTruongXayDung\OpenGL\main.cpp(637,55): warning C4305: 'argument': truncation from 'double' to 'GLfloat'
E:\Zalo Received Files\DHMT_Nhom7\BTL_Nhom7\MoPhongCongTruongXayDung\OpenGL\main.cpp(642,37): warning C4305: 'argument': truncation from 'double' to 'const GLfloat'
E:\Zalo Received Files\DHMT_Nhom7\BTL_Nhom7\MoPhongCongTruongXayDung\OpenGL\main.cpp(643,58): warning C4305: 'argument': truncation from 'double' to 'GLfloat'
E:\Zalo Received Files\DHMT_Nhom7\BTL_Nhom7\MoPhongCongTruongXayDung\OpenGL\main.cpp(647,119): warning C4305: 'argument': truncation from 'double' to 'const GLfloat'
E:\Zalo Received Files\DHMT_Nhom7\BTL_Nhom7\MoPhongCongTruongXayDung\OpenGL\main.cpp(647,142): warning C4305: 'argument': truncation from 'double' to 'const GLfloat'
E:\Zalo Received Files\DHMT_Nhom7\BTL_Nhom7\MoPhongCongTruongXayDung\OpenGL\main.cpp(651,30): warning C4244: 'argument': conversion from 'int' to 'GLfloat', possible loss of data
E:\Zalo Received Files\DHMT_Nhom7\BTL_Nhom7\MoPhongCongTruongXayDung\OpenGL\main.cpp(651,34): warning C4305: 'argument': truncation from 'double' to 'GLfloat'
E:\Zalo Received Files\DHMT_Nhom7\BTL_Nhom7\MoPhongCongTruongXayDung\OpenGL\main.cpp(652,30): warning C4244: 'argument': conversion from 'int' to 'GLfloat', possible loss of data
E:\Zalo Received Files\DHMT_Nhom7\BTL_Nhom7\MoPhongCongTruongXayDung\OpenGL\main.cpp(652,34): warning C4305: 'argument': truncation from 'double' to 'GLfloat'
E:\Zalo Received Files\DHMT_Nhom7\BTL_Nhom7\MoPhongCongTruongXayDung\OpenGL\main.cpp(653,30): warning C4244: 'argument': conversion from 'int' to 'GLfloat', possible loss of data
E:\Zalo Received Files\DHMT_Nhom7\BTL_Nhom7\MoPhongCongTruongXayDung\OpenGL\main.cpp(653,34): warning C4305: 'argument': truncation from 'double' to 'GLfloat'
E:\Zalo Received Files\DHMT_Nhom7\BTL_Nhom7\MoPhongCongTruongXayDung\OpenGL\main.cpp(654,30): warning C4244: 'argument': conversion from 'int' to 'GLfloat', possible loss of data
E:\Zalo Received Files\DHMT_Nhom7\BTL_Nhom7\MoPhongCongTruongXayDung\OpenGL\main.cpp(654,34): warning C4305: 'argument': truncation from 'double' to 'GLfloat'
E:\Zalo Received Files\DHMT_Nhom7\BTL_Nhom7\MoPhongCongTruongXayDung\OpenGL\main.cpp(655,30): warning C4244: 'argument': conversion from 'int' to 'GLfloat', possible loss of data
E:\Zalo Received Files\DHMT_Nhom7\BTL_Nhom7\MoPhongCongTruongXayDung\OpenGL\main.cpp(655,34): warning C4305: 'argument': truncation from 'double' to 'GLfloat'
E:\Zalo Received Files\DHMT_Nhom7\BTL_Nhom7\MoPhongCongTruongXayDung\OpenGL\main.cpp(656,30): warning C4244: 'argument': conversion from 'int' to 'GLfloat', possible loss of data
E:\Zalo Received Files\DHMT_Nhom7\BTL_Nhom7\MoPhongCongTruongXayDung\OpenGL\main.cpp(656,34): warning C4305: 'argument': truncation from 'double' to 'GLfloat'
E:\Zalo Received Files\DHMT_Nhom7\BTL_Nhom7\MoPhongCongTruongXayDung\OpenGL\main.cpp(658,28): warning C4305: 'argument': truncation from 'double' to 'GLfloat'
E:\Zalo Received Files\DHMT_Nhom7\BTL_Nhom7\MoPhongCongTruongXayDung\OpenGL\main.cpp(659,28): warning C4305: 'argument': truncation from 'double' to 'GLfloat'
E:\Zalo Received Files\DHMT_Nhom7\BTL_Nhom7\MoPhongCongTruongXayDung\OpenGL\main.cpp(660,28): warning C4305: 'argument': truncation from 'double' to 'GLfloat'
E:\Zalo Received Files\DHMT_Nhom7\BTL_Nhom7\MoPhongCongTruongXayDung\OpenGL\main.cpp(661,28): warning C4305: 'argument': truncation from 'double' to 'GLfloat'
E:\Zalo Received Files\DHMT_Nhom7\BTL_Nhom7\MoPhongCongTruongXayDung\OpenGL\main.cpp(663,27): warning C4305: 'argument': truncation from 'double' to 'GLfloat'
E:\Zalo Received Files\DHMT_Nhom7\BTL_Nhom7\MoPhongCongTruongXayDung\OpenGL\main.cpp(664,27): warning C4305: 'argument': truncation from 'double' to 'GLfloat'
E:\Zalo Received Files\DHMT_Nhom7\BTL_Nhom7\MoPhongCongTruongXayDung\OpenGL\main.cpp(665,27): warning C4305: 'argument': truncation from 'double' to 'GLfloat'
E:\Zalo Received Files\DHMT_Nhom7\BTL_Nhom7\MoPhongCongTruongXayDung\OpenGL\main.cpp(666,27): warning C4305: 'argument': truncation from 'double' to 'GLfloat'
E:\Zalo Received Files\DHMT_Nhom7\BTL_Nhom7\MoPhongCongTruongXayDung\OpenGL\main.cpp(669,52): warning C4244: 'argument': conversion from 'double' to 'const GLfloat', possible loss of data
E:\Zalo Received Files\DHMT_Nhom7\BTL_Nhom7\MoPhongCongTruongXayDung\OpenGL\main.cpp(669,61): warning C4305: 'argument': truncation from 'double' to 'const GLfloat'
E:\Zalo Received Files\DHMT_Nhom7\BTL_Nhom7\MoPhongCongTruongXayDung\OpenGL\main.cpp(669,110): warning C4244: 'argument': conversion from 'double' to 'const GLfloat', possible loss of data
E:\Zalo Received Files\DHMT_Nhom7\BTL_Nhom7\MoPhongCongTruongXayDung\OpenGL\main.cpp(669,119): warning C4305: 'argument': truncation from 'double' to 'const GLfloat'
E:\Zalo Received Files\DHMT_Nhom7\BTL_Nhom7\MoPhongCongTruongXayDung\OpenGL\main.cpp(676,35): warning C4305: 'argument': truncation from 'double' to 'const GLfloat'
E:\Zalo Received Files\DHMT_Nhom7\BTL_Nhom7\MoPhongCongTruongXayDung\OpenGL\main.cpp(683,58): warning C4305: 'argument': truncation from 'double' to 'GLfloat'
E:\Zalo Received Files\DHMT_Nhom7\BTL_Nhom7\MoPhongCongTruongXayDung\OpenGL\main.cpp(683,59): warning C4305: 'argument': truncation from 'double' to 'GLfloat'
E:\Zalo Received Files\DHMT_Nhom7\BTL_Nhom7\MoPhongCongTruongXayDung\OpenGL\main.cpp(687,35): warning C4305: 'argument': truncation from 'double' to 'const GLfloat'
E:\Zalo Received Files\DHMT_Nhom7\BTL_Nhom7\MoPhongCongTruongXayDung\OpenGL\main.cpp(688,48): warning C4305: 'argument': truncation from 'double' to 'GLfloat'
E:\Zalo Received Files\DHMT_Nhom7\BTL_Nhom7\MoPhongCongTruongXayDung\OpenGL\main.cpp(688,49): warning C4305: 'argument': truncation from 'double' to 'GLfloat'
E:\Zalo Received Files\DHMT_Nhom7\BTL_Nhom7\MoPhongCongTruongXayDung\OpenGL\main.cpp(690,36): warning C4305: 'argument': truncation from 'double' to 'const GLfloat'
E:\Zalo Received Files\DHMT_Nhom7\BTL_Nhom7\MoPhongCongTruongXayDung\OpenGL\main.cpp(691,48): warning C4305: 'argument': truncation from 'double' to 'GLfloat'
E:\Zalo Received Files\DHMT_Nhom7\BTL_Nhom7\MoPhongCongTruongXayDung\OpenGL\main.cpp(691,49): warning C4305: 'argument': truncation from 'double' to 'GLfloat'
E:\Zalo Received Files\DHMT_Nhom7\BTL_Nhom7\MoPhongCongTruongXayDung\OpenGL\main.cpp(693,36): warning C4305: 'argument': truncation from 'double' to 'const GLfloat'
E:\Zalo Received Files\DHMT_Nhom7\BTL_Nhom7\MoPhongCongTruongXayDung\OpenGL\main.cpp(694,51): warning C4305: 'argument': truncation from 'double' to 'GLfloat'
E:\Zalo Received Files\DHMT_Nhom7\BTL_Nhom7\MoPhongCongTruongXayDung\OpenGL\main.cpp(694,52): warning C4305: 'argument': truncation from 'double' to 'GLfloat'
E:\Zalo Received Files\DHMT_Nhom7\BTL_Nhom7\MoPhongCongTruongXayDung\OpenGL\main.cpp(698,36): warning C4305: 'argument': truncation from 'double' to 'const GLfloat'
E:\Zalo Received Files\DHMT_Nhom7\BTL_Nhom7\MoPhongCongTruongXayDung\OpenGL\main.cpp(699,50): warning C4305: 'argument': truncation from 'double' to 'GLfloat'
E:\Zalo Received Files\DHMT_Nhom7\BTL_Nhom7\MoPhongCongTruongXayDung\OpenGL\main.cpp(701,36): warning C4305: 'argument': truncation from 'double' to 'const GLfloat'
E:\Zalo Received Files\DHMT_Nhom7\BTL_Nhom7\MoPhongCongTruongXayDung\OpenGL\main.cpp(702,50): warning C4305: 'argument': truncation from 'double' to 'GLfloat'
E:\Zalo Received Files\DHMT_Nhom7\BTL_Nhom7\MoPhongCongTruongXayDung\OpenGL\main.cpp(706,120): warning C4305: 'argument': truncation from 'double' to 'const GLfloat'
E:\Zalo Received Files\DHMT_Nhom7\BTL_Nhom7\MoPhongCongTruongXayDung\OpenGL\main.cpp(710,33): warning C4244: 'argument': conversion from 'int' to 'GLfloat', possible loss of data
E:\Zalo Received Files\DHMT_Nhom7\BTL_Nhom7\MoPhongCongTruongXayDung\OpenGL\main.cpp(710,37): warning C4305: 'argument': truncation from 'double' to 'GLfloat'
E:\Zalo Received Files\DHMT_Nhom7\BTL_Nhom7\MoPhongCongTruongXayDung\OpenGL\main.cpp(711,33): warning C4244: 'argument': conversion from 'int' to 'GLfloat', possible loss of data
E:\Zalo Received Files\DHMT_Nhom7\BTL_Nhom7\MoPhongCongTruongXayDung\OpenGL\main.cpp(711,37): warning C4305: 'argument': truncation from 'double' to 'GLfloat'
E:\Zalo Received Files\DHMT_Nhom7\BTL_Nhom7\MoPhongCongTruongXayDung\OpenGL\main.cpp(712,33): warning C4244: 'argument': conversion from 'int' to 'GLfloat', possible loss of data
E:\Zalo Received Files\DHMT_Nhom7\BTL_Nhom7\MoPhongCongTruongXayDung\OpenGL\main.cpp(712,37): warning C4305: 'argument': truncation from 'double' to 'GLfloat'
E:\Zalo Received Files\DHMT_Nhom7\BTL_Nhom7\MoPhongCongTruongXayDung\OpenGL\main.cpp(713,33): warning C4244: 'argument': conversion from 'int' to 'GLfloat', possible loss of data
E:\Zalo Received Files\DHMT_Nhom7\BTL_Nhom7\MoPhongCongTruongXayDung\OpenGL\main.cpp(713,37): warning C4305: 'argument': truncation from 'double' to 'GLfloat'
E:\Zalo Received Files\DHMT_Nhom7\BTL_Nhom7\MoPhongCongTruongXayDung\OpenGL\main.cpp(721,30): warning C4305: 'argument': truncation from 'double' to 'const GLfloat'
E:\Zalo Received Files\DHMT_Nhom7\BTL_Nhom7\MoPhongCongTruongXayDung\OpenGL\main.cpp(722,47): warning C4305: 'argument': truncation from 'double' to 'GLfloat'
E:\Zalo Received Files\DHMT_Nhom7\BTL_Nhom7\MoPhongCongTruongXayDung\OpenGL\main.cpp(725,29): warning C4305: 'argument': truncation from 'double' to 'const GLfloat'
E:\Zalo Received Files\DHMT_Nhom7\BTL_Nhom7\MoPhongCongTruongXayDung\OpenGL\main.cpp(726,47): warning C4305: 'argument': truncation from 'double' to 'GLfloat'
E:\Zalo Received Files\DHMT_Nhom7\BTL_Nhom7\MoPhongCongTruongXayDung\OpenGL\main.cpp(729,30): warning C4305: 'argument': truncation from 'double' to 'const GLfloat'
E:\Zalo Received Files\DHMT_Nhom7\BTL_Nhom7\MoPhongCongTruongXayDung\OpenGL\main.cpp(730,47): warning C4305: 'argument': truncation from 'double' to 'GLfloat'
E:\Zalo Received Files\DHMT_Nhom7\BTL_Nhom7\MoPhongCongTruongXayDung\OpenGL\main.cpp(733,30): warning C4305: 'argument': truncation from 'double' to 'const GLfloat'
E:\Zalo Received Files\DHMT_Nhom7\BTL_Nhom7\MoPhongCongTruongXayDung\OpenGL\main.cpp(734,47): warning C4305: 'argument': truncation from 'double' to 'GLfloat'
E:\Zalo Received Files\DHMT_Nhom7\BTL_Nhom7\MoPhongCongTruongXayDung\OpenGL\main.cpp(737,29): warning C4305: 'argument': truncation from 'double' to 'const GLfloat'
E:\Zalo Received Files\DHMT_Nhom7\BTL_Nhom7\MoPhongCongTruongXayDung\OpenGL\main.cpp(738,47): warning C4305: 'argument': truncation from 'double' to 'GLfloat'
E:\Zalo Received Files\DHMT_Nhom7\BTL_Nhom7\MoPhongCongTruongXayDung\OpenGL\main.cpp(742,47): warning C4305: 'argument': truncation from 'double' to 'GLfloat'
E:\Zalo Received Files\DHMT_Nhom7\BTL_Nhom7\MoPhongCongTruongXayDung\OpenGL\main.cpp(746,47): warning C4305: 'argument': truncation from 'double' to 'GLfloat'
E:\Zalo Received Files\DHMT_Nhom7\BTL_Nhom7\MoPhongCongTruongXayDung\OpenGL\main.cpp(749,31): warning C4305: 'argument': truncation from 'double' to 'const GLfloat'
E:\Zalo Received Files\DHMT_Nhom7\BTL_Nhom7\MoPhongCongTruongXayDung\OpenGL\main.cpp(750,47): warning C4305: 'argument': truncation from 'double' to 'GLfloat'
E:\Zalo Received Files\DHMT_Nhom7\BTL_Nhom7\MoPhongCongTruongXayDung\OpenGL\main.cpp(753,30): warning C4305: 'argument': truncation from 'double' to 'const GLfloat'
E:\Zalo Received Files\DHMT_Nhom7\BTL_Nhom7\MoPhongCongTruongXayDung\OpenGL\main.cpp(754,47): warning C4305: 'argument': truncation from 'double' to 'GLfloat'
E:\Zalo Received Files\DHMT_Nhom7\BTL_Nhom7\MoPhongCongTruongXayDung\OpenGL\main.cpp(757,77): warning C4305: 'argument': truncation from 'double' to 'const GLfloat'
E:\Zalo Received Files\DHMT_Nhom7\BTL_Nhom7\MoPhongCongTruongXayDung\OpenGL\main.cpp(757,100): warning C4305: 'argument': truncation from 'double' to 'const GLfloat'
E:\Zalo Received Files\DHMT_Nhom7\BTL_Nhom7\MoPhongCongTruongXayDung\OpenGL\main.cpp(765,35): warning C4305: 'argument': truncation from 'double' to 'const GLfloat'
E:\Zalo Received Files\DHMT_Nhom7\BTL_Nhom7\MoPhongCongTruongXayDung\OpenGL\main.cpp(766,44): warning C4305: 'argument': truncation from 'double' to 'GLfloat'
E:\Zalo Received Files\DHMT_Nhom7\BTL_Nhom7\MoPhongCongTruongXayDung\OpenGL\main.cpp(768,35): warning C4305: 'argument': truncation from 'double' to 'const GLfloat'
E:\Zalo Received Files\DHMT_Nhom7\BTL_Nhom7\MoPhongCongTruongXayDung\OpenGL\main.cpp(769,44): warning C4305: 'argument': truncation from 'double' to 'GLfloat'
E:\Zalo Received Files\DHMT_Nhom7\BTL_Nhom7\MoPhongCongTruongXayDung\OpenGL\main.cpp(771,35): warning C4305: 'argument': truncation from 'double' to 'const GLfloat'
E:\Zalo Received Files\DHMT_Nhom7\BTL_Nhom7\MoPhongCongTruongXayDung\OpenGL\main.cpp(772,44): warning C4305: 'argument': truncation from 'double' to 'GLfloat'
E:\Zalo Received Files\DHMT_Nhom7\BTL_Nhom7\MoPhongCongTruongXayDung\OpenGL\main.cpp(774,34): warning C4305: 'argument': truncation from 'double' to 'const GLfloat'
E:\Zalo Received Files\DHMT_Nhom7\BTL_Nhom7\MoPhongCongTruongXayDung\OpenGL\main.cpp(775,44): warning C4305: 'argument': truncation from 'double' to 'GLfloat'
E:\Zalo Received Files\DHMT_Nhom7\BTL_Nhom7\MoPhongCongTruongXayDung\OpenGL\main.cpp(779,29): warning C4305: 'argument': truncation from 'double' to 'const GLfloat'
E:\Zalo Received Files\DHMT_Nhom7\BTL_Nhom7\MoPhongCongTruongXayDung\OpenGL\main.cpp(780,43): warning C4305: 'argument': truncation from 'double' to 'GLfloat'
E:\Zalo Received Files\DHMT_Nhom7\BTL_Nhom7\MoPhongCongTruongXayDung\OpenGL\main.cpp(783,59): warning C4305: 'argument': truncation from 'double' to 'const GLfloat'
E:\Zalo Received Files\DHMT_Nhom7\BTL_Nhom7\MoPhongCongTruongXayDung\OpenGL\main.cpp(784,43): warning C4305: 'argument': truncation from 'double' to 'GLfloat'
E:\Zalo Received Files\DHMT_Nhom7\BTL_Nhom7\MoPhongCongTruongXayDung\OpenGL\main.cpp(787,63): warning C4305: 'argument': truncation from 'double' to 'const GLfloat'
E:\Zalo Received Files\DHMT_Nhom7\BTL_Nhom7\MoPhongCongTruongXayDung\OpenGL\main.cpp(788,44): warning C4305: 'argument': truncation from 'double' to 'GLfloat'
E:\Zalo Received Files\DHMT_Nhom7\BTL_Nhom7\MoPhongCongTruongXayDung\OpenGL\main.cpp(793,78): warning C4305: 'argument': truncation from 'double' to 'const GLfloat'
E:\Zalo Received Files\DHMT_Nhom7\BTL_Nhom7\MoPhongCongTruongXayDung\OpenGL\main.cpp(793,101): warning C4305: 'argument': truncation from 'double' to 'const GLfloat'
E:\Zalo Received Files\DHMT_Nhom7\BTL_Nhom7\MoPhongCongTruongXayDung\OpenGL\main.cpp(803,28): warning C4305: 'argument': truncation from 'double' to 'const GLfloat'
E:\Zalo Received Files\DHMT_Nhom7\BTL_Nhom7\MoPhongCongTruongXayDung\OpenGL\main.cpp(804,59): warning C4305: 'argument': truncation from 'double' to 'GLfloat'
E:\Zalo Received Files\DHMT_Nhom7\BTL_Nhom7\MoPhongCongTruongXayDung\OpenGL\main.cpp(804,60): warning C4305: 'argument': truncation from 'double' to 'GLfloat'
E:\Zalo Received Files\DHMT_Nhom7\BTL_Nhom7\MoPhongCongTruongXayDung\OpenGL\main.cpp(807,32): warning C4305: 'argument': truncation from 'double' to 'const GLfloat'
E:\Zalo Received Files\DHMT_Nhom7\BTL_Nhom7\MoPhongCongTruongXayDung\OpenGL\main.cpp(808,61): warning C4305: 'argument': truncation from 'double' to 'GLfloat'
E:\Zalo Received Files\DHMT_Nhom7\BTL_Nhom7\MoPhongCongTruongXayDung\OpenGL\main.cpp(808,62): warning C4305: 'argument': truncation from 'double' to 'GLfloat'
E:\Zalo Received Files\DHMT_Nhom7\BTL_Nhom7\MoPhongCongTruongXayDung\OpenGL\main.cpp(810,61): warning C4305: 'argument': truncation from 'double' to 'GLfloat'
E:\Zalo Received Files\DHMT_Nhom7\BTL_Nhom7\MoPhongCongTruongXayDung\OpenGL\main.cpp(810,62): warning C4305: 'argument': truncation from 'double' to 'GLfloat'
E:\Zalo Received Files\DHMT_Nhom7\BTL_Nhom7\MoPhongCongTruongXayDung\OpenGL\main.cpp(811,33): warning C4305: 'argument': truncation from 'double' to 'const GLfloat'
E:\Zalo Received Files\DHMT_Nhom7\BTL_Nhom7\MoPhongCongTruongXayDung\OpenGL\main.cpp(812,61): warning C4305: 'argument': truncation from 'double' to 'GLfloat'
E:\Zalo Received Files\DHMT_Nhom7\BTL_Nhom7\MoPhongCongTruongXayDung\OpenGL\main.cpp(812,62): warning C4305: 'argument': truncation from 'double' to 'GLfloat'
E:\Zalo Received Files\DHMT_Nhom7\BTL_Nhom7\MoPhongCongTruongXayDung\OpenGL\main.cpp(815,35): warning C4305: 'argument': truncation from 'double' to 'const GLfloat'
E:\Zalo Received Files\DHMT_Nhom7\BTL_Nhom7\MoPhongCongTruongXayDung\OpenGL\main.cpp(816,61): warning C4305: 'argument': truncation from 'double' to 'GLfloat'
E:\Zalo Received Files\DHMT_Nhom7\BTL_Nhom7\MoPhongCongTruongXayDung\OpenGL\main.cpp(816,62): warning C4305: 'argument': truncation from 'double' to 'GLfloat'
E:\Zalo Received Files\DHMT_Nhom7\BTL_Nhom7\MoPhongCongTruongXayDung\OpenGL\main.cpp(817,36): warning C4305: 'argument': truncation from 'double' to 'const GLfloat'
E:\Zalo Received Files\DHMT_Nhom7\BTL_Nhom7\MoPhongCongTruongXayDung\OpenGL\main.cpp(818,61): warning C4305: 'argument': truncation from 'double' to 'GLfloat'
E:\Zalo Received Files\DHMT_Nhom7\BTL_Nhom7\MoPhongCongTruongXayDung\OpenGL\main.cpp(818,62): warning C4305: 'argument': truncation from 'double' to 'GLfloat'
E:\Zalo Received Files\DHMT_Nhom7\BTL_Nhom7\MoPhongCongTruongXayDung\OpenGL\main.cpp(819,34): warning C4305: 'argument': truncation from 'double' to 'const GLfloat'
E:\Zalo Received Files\DHMT_Nhom7\BTL_Nhom7\MoPhongCongTruongXayDung\OpenGL\main.cpp(820,61): warning C4305: 'argument': truncation from 'double' to 'GLfloat'
E:\Zalo Received Files\DHMT_Nhom7\BTL_Nhom7\MoPhongCongTruongXayDung\OpenGL\main.cpp(820,62): warning C4305: 'argument': truncation from 'double' to 'GLfloat'
E:\Zalo Received Files\DHMT_Nhom7\BTL_Nhom7\MoPhongCongTruongXayDung\OpenGL\main.cpp(821,35): warning C4305: 'argument': truncation from 'double' to 'const GLfloat'
E:\Zalo Received Files\DHMT_Nhom7\BTL_Nhom7\MoPhongCongTruongXayDung\OpenGL\main.cpp(822,61): warning C4305: 'argument': truncation from 'double' to 'GLfloat'
E:\Zalo Received Files\DHMT_Nhom7\BTL_Nhom7\MoPhongCongTruongXayDung\OpenGL\main.cpp(822,62): warning C4305: 'argument': truncation from 'double' to 'GLfloat'
E:\Zalo Received Files\DHMT_Nhom7\BTL_Nhom7\MoPhongCongTruongXayDung\OpenGL\main.cpp(824,34): warning C4305: 'argument': truncation from 'double' to 'const GLfloat'
E:\Zalo Received Files\DHMT_Nhom7\BTL_Nhom7\MoPhongCongTruongXayDung\OpenGL\main.cpp(825,61): warning C4305: 'argument': truncation from 'double' to 'GLfloat'
E:\Zalo Received Files\DHMT_Nhom7\BTL_Nhom7\MoPhongCongTruongXayDung\OpenGL\main.cpp(825,62): warning C4305: 'argument': truncation from 'double' to 'GLfloat'
E:\Zalo Received Files\DHMT_Nhom7\BTL_Nhom7\MoPhongCongTruongXayDung\OpenGL\main.cpp(826,35): warning C4305: 'argument': truncation from 'double' to 'const GLfloat'
E:\Zalo Received Files\DHMT_Nhom7\BTL_Nhom7\MoPhongCongTruongXayDung\OpenGL\main.cpp(827,61): warning C4305: 'argument': truncation from 'double' to 'GLfloat'
E:\Zalo Received Files\DHMT_Nhom7\BTL_Nhom7\MoPhongCongTruongXayDung\OpenGL\main.cpp(827,62): warning C4305: 'argument': truncation from 'double' to 'GLfloat'
E:\Zalo Received Files\DHMT_Nhom7\BTL_Nhom7\MoPhongCongTruongXayDung\OpenGL\main.cpp(833,56): warning C4305: 'argument': truncation from 'double' to 'GLfloat'
E:\Zalo Received Files\DHMT_Nhom7\BTL_Nhom7\MoPhongCongTruongXayDung\OpenGL\main.cpp(833,57): warning C4305: 'argument': truncation from 'double' to 'GLfloat'
E:\Zalo Received Files\DHMT_Nhom7\BTL_Nhom7\MoPhongCongTruongXayDung\OpenGL\main.cpp(839,32): warning C4305: 'argument': truncation from 'double' to 'const GLfloat'
E:\Zalo Received Files\DHMT_Nhom7\BTL_Nhom7\MoPhongCongTruongXayDung\OpenGL\main.cpp(840,58): warning C4305: 'argument': truncation from 'double' to 'GLfloat'
E:\Zalo Received Files\DHMT_Nhom7\BTL_Nhom7\MoPhongCongTruongXayDung\OpenGL\main.cpp(840,59): warning C4305: 'argument': truncation from 'double' to 'GLfloat'
E:\Zalo Received Files\DHMT_Nhom7\BTL_Nhom7\MoPhongCongTruongXayDung\OpenGL\main.cpp(841,32): warning C4305: 'argument': truncation from 'double' to 'const GLfloat'
E:\Zalo Received Files\DHMT_Nhom7\BTL_Nhom7\MoPhongCongTruongXayDung\OpenGL\main.cpp(842,53): warning C4305: 'argument': truncation from 'double' to 'GLfloat'
E:\Zalo Received Files\DHMT_Nhom7\BTL_Nhom7\MoPhongCongTruongXayDung\OpenGL\main.cpp(842,54): warning C4305: 'argument': truncation from 'double' to 'GLfloat'
E:\Zalo Received Files\DHMT_Nhom7\BTL_Nhom7\MoPhongCongTruongXayDung\OpenGL\main.cpp(843,33): warning C4305: 'argument': truncation from 'double' to 'const GLfloat'
E:\Zalo Received Files\DHMT_Nhom7\BTL_Nhom7\MoPhongCongTruongXayDung\OpenGL\main.cpp(844,58): warning C4305: 'argument': truncation from 'double' to 'GLfloat'
E:\Zalo Received Files\DHMT_Nhom7\BTL_Nhom7\MoPhongCongTruongXayDung\OpenGL\main.cpp(844,59): warning C4305: 'argument': truncation from 'double' to 'GLfloat'
E:\Zalo Received Files\DHMT_Nhom7\BTL_Nhom7\MoPhongCongTruongXayDung\OpenGL\main.cpp(845,33): warning C4305: 'argument': truncation from 'double' to 'const GLfloat'
E:\Zalo Received Files\DHMT_Nhom7\BTL_Nhom7\MoPhongCongTruongXayDung\OpenGL\main.cpp(846,58): warning C4305: 'argument': truncation from 'double' to 'GLfloat'
E:\Zalo Received Files\DHMT_Nhom7\BTL_Nhom7\MoPhongCongTruongXayDung\OpenGL\main.cpp(846,59): warning C4305: 'argument': truncation from 'double' to 'GLfloat'
E:\Zalo Received Files\DHMT_Nhom7\BTL_Nhom7\MoPhongCongTruongXayDung\OpenGL\main.cpp(847,33): warning C4305: 'argument': truncation from 'double' to 'const GLfloat'
E:\Zalo Received Files\DHMT_Nhom7\BTL_Nhom7\MoPhongCongTruongXayDung\OpenGL\main.cpp(848,58): warning C4305: 'argument': truncation from 'double' to 'GLfloat'
E:\Zalo Received Files\DHMT_Nhom7\BTL_Nhom7\MoPhongCongTruongXayDung\OpenGL\main.cpp(848,59): warning C4305: 'argument': truncation from 'double' to 'GLfloat'
E:\Zalo Received Files\DHMT_Nhom7\BTL_Nhom7\MoPhongCongTruongXayDung\OpenGL\main.cpp(853,35): warning C4305: 'argument': truncation from 'double' to 'const GLfloat'
E:\Zalo Received Files\DHMT_Nhom7\BTL_Nhom7\MoPhongCongTruongXayDung\OpenGL\main.cpp(853,56): warning C4305: 'argument': truncation from 'double' to 'const GLfloat'
E:\Zalo Received Files\DHMT_Nhom7\BTL_Nhom7\MoPhongCongTruongXayDung\OpenGL\main.cpp(853,92): warning C4305: 'argument': truncation from 'double' to 'const GLfloat'
E:\Zalo Received Files\DHMT_Nhom7\BTL_Nhom7\MoPhongCongTruongXayDung\OpenGL\main.cpp(854,58): warning C4305: 'argument': truncation from 'double' to 'GLfloat'
E:\Zalo Received Files\DHMT_Nhom7\BTL_Nhom7\MoPhongCongTruongXayDung\OpenGL\main.cpp(854,59): warning C4305: 'argument': truncation from 'double' to 'GLfloat'
E:\Zalo Received Files\DHMT_Nhom7\BTL_Nhom7\MoPhongCongTruongXayDung\OpenGL\main.cpp(857,47): warning C4305: 'argument': truncation from 'double' to 'const GLfloat'
E:\Zalo Received Files\DHMT_Nhom7\BTL_Nhom7\MoPhongCongTruongXayDung\OpenGL\main.cpp(857,31): warning C4244: 'argument': conversion from 'double' to 'const GLfloat', possible loss of data
E:\Zalo Received Files\DHMT_Nhom7\BTL_Nhom7\MoPhongCongTruongXayDung\OpenGL\main.cpp(857,70): warning C4305: 'argument': truncation from 'double' to 'const GLfloat'
E:\Zalo Received Files\DHMT_Nhom7\BTL_Nhom7\MoPhongCongTruongXayDung\OpenGL\main.cpp(857,112): warning C4305: 'argument': truncation from 'double' to 'const GLfloat'
E:\Zalo Received Files\DHMT_Nhom7\BTL_Nhom7\MoPhongCongTruongXayDung\OpenGL\main.cpp(858,56): warning C4305: 'argument': truncation from 'double' to 'GLfloat'
E:\Zalo Received Files\DHMT_Nhom7\BTL_Nhom7\MoPhongCongTruongXayDung\OpenGL\main.cpp(858,57): warning C4305: 'argument': truncation from 'double' to 'GLfloat'
E:\Zalo Received Files\DHMT_Nhom7\BTL_Nhom7\MoPhongCongTruongXayDung\OpenGL\main.cpp(859,36): warning C4305: 'argument': truncation from 'double' to 'const GLfloat'
E:\Zalo Received Files\DHMT_Nhom7\BTL_Nhom7\MoPhongCongTruongXayDung\OpenGL\main.cpp(859,61): warning C4305: 'argument': truncation from 'double' to 'const GLfloat'
E:\Zalo Received Files\DHMT_Nhom7\BTL_Nhom7\MoPhongCongTruongXayDung\OpenGL\main.cpp(859,103): warning C4305: 'argument': truncation from 'double' to 'const GLfloat'
E:\Zalo Received Files\DHMT_Nhom7\BTL_Nhom7\MoPhongCongTruongXayDung\OpenGL\main.cpp(860,58): warning C4305: 'argument': truncation from 'double' to 'GLfloat'
E:\Zalo Received Files\DHMT_Nhom7\BTL_Nhom7\MoPhongCongTruongXayDung\OpenGL\main.cpp(860,59): warning C4305: 'argument': truncation from 'double' to 'GLfloat'
E:\Zalo Received Files\DHMT_Nhom7\BTL_Nhom7\MoPhongCongTruongXayDung\OpenGL\main.cpp(861,48): warning C4305: 'argument': truncation from 'double' to 'const GLfloat'
E:\Zalo Received Files\DHMT_Nhom7\BTL_Nhom7\MoPhongCongTruongXayDung\OpenGL\main.cpp(861,31): warning C4244: 'argument': conversion from 'double' to 'const GLfloat', possible loss of data
E:\Zalo Received Files\DHMT_Nhom7\BTL_Nhom7\MoPhongCongTruongXayDung\OpenGL\main.cpp(861,73): warning C4305: 'argument': truncation from 'double' to 'const GLfloat'
E:\Zalo Received Files\DHMT_Nhom7\BTL_Nhom7\MoPhongCongTruongXayDung\OpenGL\main.cpp(861,115): warning C4305: 'argument': truncation from 'double' to 'const GLfloat'
E:\Zalo Received Files\DHMT_Nhom7\BTL_Nhom7\MoPhongCongTruongXayDung\OpenGL\main.cpp(862,56): warning C4305: 'argument': truncation from 'double' to 'GLfloat'
E:\Zalo Received Files\DHMT_Nhom7\BTL_Nhom7\MoPhongCongTruongXayDung\OpenGL\main.cpp(862,57): warning C4305: 'argument': truncation from 'double' to 'GLfloat'
E:\Zalo Received Files\DHMT_Nhom7\BTL_Nhom7\MoPhongCongTruongXayDung\OpenGL\main.cpp(867,33): warning C4305: 'argument': truncation from 'double' to 'const GLfloat'
E:\Zalo Received Files\DHMT_Nhom7\BTL_Nhom7\MoPhongCongTruongXayDung\OpenGL\main.cpp(868,59): warning C4305: 'argument': truncation from 'double' to 'GLfloat'
E:\Zalo Received Files\DHMT_Nhom7\BTL_Nhom7\MoPhongCongTruongXayDung\OpenGL\main.cpp(868,60): warning C4305: 'argument': truncation from 'double' to 'GLfloat'
E:\Zalo Received Files\DHMT_Nhom7\BTL_Nhom7\MoPhongCongTruongXayDung\OpenGL\main.cpp(869,32): warning C4305: 'argument': truncation from 'double' to 'const GLfloat'
E:\Zalo Received Files\DHMT_Nhom7\BTL_Nhom7\MoPhongCongTruongXayDung\OpenGL\main.cpp(869,55): warning C4305: 'argument': truncation from 'double' to 'const GLfloat'
E:\Zalo Received Files\DHMT_Nhom7\BTL_Nhom7\MoPhongCongTruongXayDung\OpenGL\main.cpp(869,96): warning C4305: 'argument': truncation from 'double' to 'const GLfloat'
E:\Zalo Received Files\DHMT_Nhom7\BTL_Nhom7\MoPhongCongTruongXayDung\OpenGL\main.cpp(870,58): warning C4305: 'argument': truncation from 'double' to 'GLfloat'
E:\Zalo Received Files\DHMT_Nhom7\BTL_Nhom7\MoPhongCongTruongXayDung\OpenGL\main.cpp(870,59): warning C4305: 'argument': truncation from 'double' to 'GLfloat'
E:\Zalo Received Files\DHMT_Nhom7\BTL_Nhom7\MoPhongCongTruongXayDung\OpenGL\main.cpp(872,32): warning C4305: 'argument': truncation from 'double' to 'const GLfloat'
E:\Zalo Received Files\DHMT_Nhom7\BTL_Nhom7\MoPhongCongTruongXayDung\OpenGL\main.cpp(873,58): warning C4305: 'argument': truncation from 'double' to 'GLfloat'
E:\Zalo Received Files\DHMT_Nhom7\BTL_Nhom7\MoPhongCongTruongXayDung\OpenGL\main.cpp(873,59): warning C4305: 'argument': truncation from 'double' to 'GLfloat'
E:\Zalo Received Files\DHMT_Nhom7\BTL_Nhom7\MoPhongCongTruongXayDung\OpenGL\main.cpp(874,32): warning C4305: 'argument': truncation from 'double' to 'const GLfloat'
E:\Zalo Received Files\DHMT_Nhom7\BTL_Nhom7\MoPhongCongTruongXayDung\OpenGL\main.cpp(875,59): warning C4305: 'argument': truncation from 'double' to 'GLfloat'
E:\Zalo Received Files\DHMT_Nhom7\BTL_Nhom7\MoPhongCongTruongXayDung\OpenGL\main.cpp(875,60): warning C4305: 'argument': truncation from 'double' to 'GLfloat'
E:\Zalo Received Files\DHMT_Nhom7\BTL_Nhom7\MoPhongCongTruongXayDung\OpenGL\main.cpp(877,36): warning C4305: 'argument': truncation from 'double' to 'const GLfloat'
E:\Zalo Received Files\DHMT_Nhom7\BTL_Nhom7\MoPhongCongTruongXayDung\OpenGL\main.cpp(878,59): warning C4305: 'argument': truncation from 'double' to 'GLfloat'
E:\Zalo Received Files\DHMT_Nhom7\BTL_Nhom7\MoPhongCongTruongXayDung\OpenGL\main.cpp(878,60): warning C4305: 'argument': truncation from 'double' to 'GLfloat'
E:\Zalo Received Files\DHMT_Nhom7\BTL_Nhom7\MoPhongCongTruongXayDung\OpenGL\main.cpp(879,37): warning C4305: 'argument': truncation from 'double' to 'const GLfloat'
E:\Zalo Received Files\DHMT_Nhom7\BTL_Nhom7\MoPhongCongTruongXayDung\OpenGL\main.cpp(880,59): warning C4305: 'argument': truncation from 'double' to 'GLfloat'
E:\Zalo Received Files\DHMT_Nhom7\BTL_Nhom7\MoPhongCongTruongXayDung\OpenGL\main.cpp(880,60): warning C4305: 'argument': truncation from 'double' to 'GLfloat'
E:\Zalo Received Files\DHMT_Nhom7\BTL_Nhom7\MoPhongCongTruongXayDung\OpenGL\main.cpp(884,104): warning C4305: 'argument': truncation from 'double' to 'const GLfloat'
E:\Zalo Received Files\DHMT_Nhom7\BTL_Nhom7\MoPhongCongTruongXayDung\OpenGL\main.cpp(888,32): warning C4244: 'argument': conversion from 'int' to 'GLfloat', possible loss of data
E:\Zalo Received Files\DHMT_Nhom7\BTL_Nhom7\MoPhongCongTruongXayDung\OpenGL\main.cpp(888,35): warning C4305: 'argument': truncation from 'double' to 'GLfloat'
E:\Zalo Received Files\DHMT_Nhom7\BTL_Nhom7\MoPhongCongTruongXayDung\OpenGL\main.cpp(889,34): warning C4244: 'argument': conversion from 'int' to 'GLfloat', possible loss of data
E:\Zalo Received Files\DHMT_Nhom7\BTL_Nhom7\MoPhongCongTruongXayDung\OpenGL\main.cpp(889,37): warning C4305: 'argument': truncation from 'double' to 'GLfloat'
E:\Zalo Received Files\DHMT_Nhom7\BTL_Nhom7\MoPhongCongTruongXayDung\OpenGL\main.cpp(890,31): warning C4244: 'argument': conversion from 'int' to 'GLfloat', possible loss of data
E:\Zalo Received Files\DHMT_Nhom7\BTL_Nhom7\MoPhongCongTruongXayDung\OpenGL\main.cpp(890,34): warning C4305: 'argument': truncation from 'double' to 'GLfloat'
E:\Zalo Received Files\DHMT_Nhom7\BTL_Nhom7\MoPhongCongTruongXayDung\OpenGL\main.cpp(891,33): warning C4244: 'argument': conversion from 'int' to 'GLfloat', possible loss of data
E:\Zalo Received Files\DHMT_Nhom7\BTL_Nhom7\MoPhongCongTruongXayDung\OpenGL\main.cpp(891,36): warning C4305: 'argument': truncation from 'double' to 'GLfloat'
E:\Zalo Received Files\DHMT_Nhom7\BTL_Nhom7\MoPhongCongTruongXayDung\OpenGL\main.cpp(892,32): warning C4244: 'argument': conversion from 'int' to 'GLfloat', possible loss of data
E:\Zalo Received Files\DHMT_Nhom7\BTL_Nhom7\MoPhongCongTruongXayDung\OpenGL\main.cpp(892,35): warning C4305: 'argument': truncation from 'double' to 'GLfloat'
E:\Zalo Received Files\DHMT_Nhom7\BTL_Nhom7\MoPhongCongTruongXayDung\OpenGL\main.cpp(893,33): warning C4244: 'argument': conversion from 'int' to 'GLfloat', possible loss of data
E:\Zalo Received Files\DHMT_Nhom7\BTL_Nhom7\MoPhongCongTruongXayDung\OpenGL\main.cpp(893,36): warning C4305: 'argument': truncation from 'double' to 'GLfloat'
E:\Zalo Received Files\DHMT_Nhom7\BTL_Nhom7\MoPhongCongTruongXayDung\OpenGL\main.cpp(897,45): warning C4305: 'argument': truncation from 'double' to 'const GLfloat'
E:\Zalo Received Files\DHMT_Nhom7\BTL_Nhom7\MoPhongCongTruongXayDung\OpenGL\main.cpp(897,90): warning C4305: 'argument': truncation from 'double' to 'const GLfloat'
E:\Zalo Received Files\DHMT_Nhom7\BTL_Nhom7\MoPhongCongTruongXayDung\OpenGL\main.cpp(938,16): warning C4305: '-=': truncation from 'double' to 'GLfloat'
E:\Zalo Received Files\DHMT_Nhom7\BTL_Nhom7\MoPhongCongTruongXayDung\OpenGL\main.cpp(942,16): warning C4305: '+=': truncation from 'double' to 'GLfloat'
E:\Zalo Received Files\DHMT_Nhom7\BTL_Nhom7\MoPhongCongTruongXayDung\OpenGL\main.cpp(947,14): warning C4305: '-=': truncation from 'double' to 'GLfloat'
E:\Zalo Received Files\DHMT_Nhom7\BTL_Nhom7\MoPhongCongTruongXayDung\OpenGL\main.cpp(950,14): warning C4305: '+=': truncation from 'double' to 'GLfloat'
E:\Zalo Received Files\DHMT_Nhom7\BTL_Nhom7\MoPhongCongTruongXayDung\OpenGL\main.cpp(954,14): warning C4305: '-=': truncation from 'double' to 'GLfloat'
E:\Zalo Received Files\DHMT_Nhom7\BTL_Nhom7\MoPhongCongTruongXayDung\OpenGL\main.cpp(957,14): warning C4305: '+=': truncation from 'double' to 'GLfloat'
E:\Zalo Received Files\DHMT_Nhom7\BTL_Nhom7\MoPhongCongTruongXayDung\OpenGL\main.cpp(961,14): warning C4305: '-=': truncation from 'double' to 'GLfloat'
E:\Zalo Received Files\DHMT_Nhom7\BTL_Nhom7\MoPhongCongTruongXayDung\OpenGL\main.cpp(964,14): warning C4305: '+=': truncation from 'double' to 'GLfloat'
E:\Zalo Received Files\DHMT_Nhom7\BTL_Nhom7\MoPhongCongTruongXayDung\OpenGL\main.cpp(978,16): warning C4305: '*=': truncation from 'double' to 'GLfloat'
E:\Zalo Received Files\DHMT_Nhom7\BTL_Nhom7\MoPhongCongTruongXayDung\OpenGL\main.cpp(978,30): warning C4305: '*=': truncation from 'double' to 'GLfloat'
E:\Zalo Received Files\DHMT_Nhom7\BTL_Nhom7\MoPhongCongTruongXayDung\OpenGL\main.cpp(981,16): warning C4305: '*=': truncation from 'double' to 'GLfloat'
E:\Zalo Received Files\DHMT_Nhom7\BTL_Nhom7\MoPhongCongTruongXayDung\OpenGL\main.cpp(981,30): warning C4305: '*=': truncation from 'double' to 'GLfloat'
E:\Zalo Received Files\DHMT_Nhom7\BTL_Nhom7\MoPhongCongTruongXayDung\OpenGL\main.cpp(990,18): warning C4305: '-=': truncation from 'double' to 'GLfloat'
E:\Zalo Received Files\DHMT_Nhom7\BTL_Nhom7\MoPhongCongTruongXayDung\OpenGL\main.cpp(991,39): warning C4305: '=': truncation from 'double' to 'GLfloat'
E:\Zalo Received Files\DHMT_Nhom7\BTL_Nhom7\MoPhongCongTruongXayDung\OpenGL\main.cpp(995,16): warning C4305: '+=': truncation from 'double' to 'GLfloat'
E:\Zalo Received Files\DHMT_Nhom7\BTL_Nhom7\MoPhongCongTruongXayDung\OpenGL\main.cpp(1084,30): warning C4305: 'argument': truncation from 'double' to 'GLfloat'
E:\Zalo Received Files\DHMT_Nhom7\BTL_Nhom7\MoPhongCongTruongXayDung\OpenGL\main.cpp(1093,12): warning C4305: '+=': truncation from 'double' to 'GLfloat'
E:\Zalo Received Files\DHMT_Nhom7\BTL_Nhom7\MoPhongCongTruongXayDung\OpenGL\main.cpp(1094,13): warning C4305: '-=': truncation from 'double' to 'GLfloat'
E:\Zalo Received Files\DHMT_Nhom7\BTL_Nhom7\MoPhongCongTruongXayDung\OpenGL\main.cpp(1097,12): warning C4305: '-=': truncation from 'double' to 'GLfloat'
E:\Zalo Received Files\DHMT_Nhom7\BTL_Nhom7\MoPhongCongTruongXayDung\OpenGL\main.cpp(1098,13): warning C4305: '+=': truncation from 'double' to 'GLfloat'
E:\Zalo Received Files\DHMT_Nhom7\BTL_Nhom7\MoPhongCongTruongXayDung\OpenGL\main.cpp(1102,12): warning C4305: '+=': truncation from 'double' to 'GLfloat'
E:\Zalo Received Files\DHMT_Nhom7\BTL_Nhom7\MoPhongCongTruongXayDung\OpenGL\main.cpp(1103,26): warning C4305: '=': truncation from 'double' to 'GLfloat'
E:\Zalo Received Files\DHMT_Nhom7\BTL_Nhom7\MoPhongCongTruongXayDung\OpenGL\main.cpp(1106,12): warning C4305: '-=': truncation from 'double' to 'GLfloat'
E:\Zalo Received Files\DHMT_Nhom7\BTL_Nhom7\MoPhongCongTruongXayDung\OpenGL\main.cpp(1107,28): warning C4305: '=': truncation from 'double' to 'GLfloat'
E:\Zalo Received Files\DHMT_Nhom7\BTL_Nhom7\MoPhongCongTruongXayDung\OpenGL\main.cpp(1113,16): warning C4305: '+=': truncation from 'double' to 'GLfloat'
E:\Zalo Received Files\DHMT_Nhom7\BTL_Nhom7\MoPhongCongTruongXayDung\OpenGL\main.cpp(1119,16): warning C4305: '-=': truncation from 'double' to 'GLfloat'
  OpenGL.vcxproj -> E:\Zalo Received Files\DHMT_Nhom7\BTL_Nhom7\MoPhongCongTruongXayDung\Debug\OpenGL.exe
